  INFO root [0x00000bdc] [2015-06-05 11:37:44,162] - -----------------------------------------------------------------------------------------


  INFO root [0x00000bdc] [2015-06-05 11:37:44,178] - Resmgr::initialize: KBE_ROOT=E:/kbengine/
  INFO root [0x00000bdc] [2015-06-05 11:37:44,179] - Resmgr::initialize: KBE_RES_PATH=E:/kbengine/kbe/res/;E:/kbengine/kbengine_demos_assets/;E:/kbengine/kbengine_demos_assets/scripts/;E:/kbengine/kbengine_demos_assets/res/
  INFO root [0x00000bdc] [2015-06-05 11:37:44,179] - Resmgr::initialize: KBE_BIN_PATH=E:/kbengine/kbe/bin/server/
  INFO root [0x00000bdc] [2015-06-05 11:37:44,202] - NetworkInterface::recreateListeningSocket(INTERNAL): bound to all interfaces with default route interface on 192.168.1.107 ( 192.168.1.107:4302 )
  INFO root [0x00000bdc] [2015-06-05 11:37:44,202] - NetworkInterface::recreateListeningSocket(INTERNAL): address 192.168.1.107:4302, SOMAXCONN=5.
  INFO root [0x00000bdc] [2015-06-05 11:37:44,203] - server-configs:
  INFO root [0x00000bdc] [2015-06-05 11:37:44,203] - 	gameUpdateHertz : 10
  INFO root [0x00000bdc] [2015-06-05 11:37:44,203] - 	defaultAoIRadius : 80
  INFO root [0x00000bdc] [2015-06-05 11:37:44,203] - 	defaultAoIHysteresisArea : 5
  INFO root [0x00000bdc] [2015-06-05 11:37:44,204] - 	entryScriptFile : kbengine
  INFO root [0x00000bdc] [2015-06-05 11:37:44,204] - 	internalAddr : 192.168.1.107:4302
  INFO root [0x00000bdc] [2015-06-05 11:37:44,204] - 	componentID : 8001
  INFO root [0x00000bdc] [2015-06-05 11:37:44,341] - ---- cellapp Version: 0.6.1. ScriptVersion: 0.1.0. Protocol: 8E4D667806C69CB2931D5BBF3CEB53D0. Config: Debug. Built: 10:37:58 Jun  3 2015. AppID: 8001. UID: 52554. PID: 4752 ----
  INFO root [0x00000bdc] [2015-06-05 11:37:44,341] - Server Administrator: Intel(R) Core(TM) i5-4440 CPU @ 3.10GHz with 4194303kB RAM
  INFO root [0x00000bdc] [2015-06-05 11:37:44,341] - ThreadPool::createThreadPool: creating  threadpool...
  INFO root [0x00000bdc] [2015-06-05 11:37:44,350] - ThreadPool::createThreadPool: successfully(2), newThreadCount=1, normalMaxThreadCount=2, maxThreadCount=8
 DEBUG root [0x00000bdc] [2015-06-05 11:37:44,596] - Script::install_py_dlls(): PyInit_pyexpat
 DEBUG root [0x00000bdc] [2015-06-05 11:37:44,597] - Script::install_py_dlls(): PyInit__socket
 DEBUG root [0x00000bdc] [2015-06-05 11:37:44,607] - Script::install_py_dlls(): PyInit__hashlib
 DEBUG root [0x00000bdc] [2015-06-05 11:37:44,612] - Script::install_py_dlls(): PyInit_select
 DEBUG root [0x00000bdc] [2015-06-05 11:37:44,613] - Script::install_py_dlls(): PyInit__ctypes
 DEBUG root [0x00000bdc] [2015-06-05 11:37:44,683] - Script::install_py_dlls(): PyInit__elementtree
 DEBUG root [0x00000bdc] [2015-06-05 11:37:44,832] - Script::install_py_dlls(): PyInit_unicodedata
  INFO root [0x00000bdc] [2015-06-05 11:37:44,907] - Script::install(): is successfully, Python=(3.4.2 (default, Jun  3 2015, 10:39:02) [MSC v.1800 32 bit (Intel)])!
  INFO root [0x00000bdc] [2015-06-05 11:37:44,908] - Script::install(): KBExtra is successfully!
 DEBUG root [0x00000bdc] [2015-06-05 11:37:45,471] - loaded script:Account(1).
 DEBUG root [0x00000bdc] [2015-06-05 11:37:45,674] - loaded script:Avatar(2).
 DEBUG root [0x00000bdc] [2015-06-05 11:37:45,693] - loaded script:Monster(3).
 DEBUG root [0x00000bdc] [2015-06-05 11:37:45,694] - loaded script:NPC(4).
 DEBUG root [0x00000bdc] [2015-06-05 11:37:45,696] - loaded script:Gate(5).
 DEBUG root [0x00000bdc] [2015-06-05 11:37:45,721] - loaded script:Space(7).
 DEBUG root [0x00000bdc] [2015-06-05 11:37:45,729] - loaded script:SpaceDuplicate(8).
 DEBUG root [0x00000bdc] [2015-06-05 11:37:45,755] - loaded script:SpawnPoint(9).
  INFO root [0x00000bdc] [2015-06-05 11:37:45,823] - TelnetServer server is running on port 50000
  INFO root [0x00000bdc] [2015-06-05 11:37:46,780] - ---- cellapp is running ----
 DEBUG root [0x00000bdc] [2015-06-05 11:37:46,785] - Components::process(): Request for the process of identity...
  WARN root [0x00000bdc] [2015-06-05 11:37:52,811] - EntityApp::checkTickPeriod: tick took 6030% (6.03 seconds)!
  INFO root [0x00000bdc] [2015-06-05 11:37:53,881] - Components::findInterfaces: find logger(1)...
  INFO root [0x00000bdc] [2015-06-05 11:37:54,029] - Components::findInterfaces: found logger, addr:192.168.1.107:4294
  INFO root [0x00000bdc] [2015-06-05 11:37:54,029] - Components::addComponent[logger], uid=52554, componentID=2000, globalorderid=1, grouporderid=1, totalcount=1
  INFO root [0x00000bdc] [2015-06-05 11:37:54,031] - Components::findInterfaces: find dbmgr(2)...
  INFO root [0x00000bdc] [2015-06-05 11:37:54,046] - Components::findInterfaces: found logger, addr:192.168.1.107:4294
  INFO root [0x00000bdc] [2015-06-05 11:37:54,226] - Components::findInterfaces: found dbmgr, addr:192.168.1.107:4298
  INFO root [0x00000bdc] [2015-06-05 11:37:54,227] - Components::addComponent[dbmgr], uid=52554, componentID=4000, globalorderid=8, grouporderid=1, totalcount=1
  INFO root [0x00000bdc] [2015-06-05 11:37:54,242] - Components::findInterfaces: found dbmgr, addr:192.168.1.107:4298
  WARN root [0x00000bdc] [2015-06-05 11:37:55,242] - EntityApp::checkTickPeriod: tick took 1461% (1.46 seconds)!
  WARN root [0x00000bdc] [2015-06-05 11:37:55,243] - Forwarding logs to logger[192.168.1.107:4294/0/0/0]...
 ERROR root [0x00000bdc] [2015-06-05 11:42:43,682] - Components::removeComponentFromChannel: logger : 2000, Abnormal exit.
  WARN root [0x00000bdc] [2015-06-05 11:42:43,710] - TCPPacketReceiver::processPendingEvents: Throwing REASON_GENERAL_NETWORK - WSAECONNRESET
  WARN root [0x00000bdc] [2015-06-05 11:42:43,753] - TCPPacketReceiver::processPendingEvents: Throwing REASON_GENERAL_NETWORK - WSAECONNRESET
 ERROR root [0x00000bdc] [2015-06-05 11:42:43,782] - Components::removeComponentFromChannel: baseappmgr : 5000, Abnormal exit.
 ERROR root [0x00000bdc] [2015-06-05 11:42:43,783] - Components::removeComponentFromChannel: dbmgr : 4000, Abnormal exit.
  INFO root [0x00000bdc] [2015-06-05 11:42:43,784] - Shutdowner::onShutdownBegin: shutting down(period=0, tickPeriod=1)
  INFO root [0x00000bdc] [2015-06-05 11:42:43,784] - Shutdowner::onShutdown: shutting down
 S_DBG root [0x00000bdc] [2015-06-05 11:42:43,785] - onDestroy(3)
  INFO root [0x00000bdc] [2015-06-05 11:42:43,786] - SpawnPoint::~SpawnPoint(): 3
 S_DBG root [0x00000bdc] [2015-06-05 11:42:43,786] - onDestroy(4)
  INFO root [0x00000bdc] [2015-06-05 11:42:43,787] - SpawnPoint::~SpawnPoint(): 4
 S_DBG root [0x00000bdc] [2015-06-05 11:42:43,787] - onDestroy(5)
  INFO root [0x00000bdc] [2015-06-05 11:42:43,790] - SpawnPoint::~SpawnPoint(): 5
 S_DBG root [0x00000bdc] [2015-06-05 11:42:43,790] - onDestroy(6)
  INFO root [0x00000bdc] [2015-06-05 11:42:43,791] - SpawnPoint::~SpawnPoint(): 6
  INFO root [0x00000bdc] [2015-06-05 11:42:43,792] - Monster::~Monster(): 1043
  INFO root [0x00000bdc] [2015-06-05 11:42:43,810] - Monster::~Monster(): 1171
 S_DBG root [0x00000bdc] [2015-06-05 11:42:43,811] - onDestroy(7)
  INFO root [0x00000bdc] [2015-06-05 11:42:43,812] - SpawnPoint::~SpawnPoint(): 7
 S_DBG root [0x00000bdc] [2015-06-05 11:42:43,813] - onDestroy(8)
  INFO root [0x00000bdc] [2015-06-05 11:42:43,815] - SpawnPoint::~SpawnPoint(): 8
 S_DBG root [0x00000bdc] [2015-06-05 11:42:43,816] - onDestroy(9)
  INFO root [0x00000bdc] [2015-06-05 11:42:43,817] - SpawnPoint::~SpawnPoint(): 9
 S_DBG root [0x00000bdc] [2015-06-05 11:42:43,818] - onDestroy(11)
  INFO root [0x00000bdc] [2015-06-05 11:42:43,819] - SpawnPoint::~SpawnPoint(): 11
 S_DBG root [0x00000bdc] [2015-06-05 11:42:43,819] - onDestroy(12)
  INFO root [0x00000bdc] [2015-06-05 11:42:43,820] - SpawnPoint::~SpawnPoint(): 12
 S_DBG root [0x00000bdc] [2015-06-05 11:42:43,820] - onDestroy(13)
  INFO root [0x00000bdc] [2015-06-05 11:42:43,821] - SpawnPoint::~SpawnPoint(): 13
 S_DBG root [0x00000bdc] [2015-06-05 11:42:43,821] - onDestroy(29)
  INFO root [0x00000bdc] [2015-06-05 11:42:43,822] - SpawnPoint::~SpawnPoint(): 29
  INFO root [0x00000bdc] [2015-06-05 11:42:43,823] - NPC::~NPC(): 1025
 S_DBG root [0x00000bdc] [2015-06-05 11:42:43,823] - onDestroy(14)
  INFO root [0x00000bdc] [2015-06-05 11:42:43,824] - SpawnPoint::~SpawnPoint(): 14
  INFO root [0x00000bdc] [2015-06-05 11:42:43,824] - Shutdowner::onShutdownEnd: shutting down
 S_DBG root [0x00000bdc] [2015-06-05 11:42:43,830] - onDestroy(69)
 S_DBG root [0x00000bdc] [2015-06-05 11:42:43,831] - onDestroy(66)
 S_DBG root [0x00000bdc] [2015-06-05 11:42:43,832] - onDestroy(16)
 S_DBG root [0x00000bdc] [2015-06-05 11:42:43,834] - onDestroy(18)
 S_DBG root [0x00000bdc] [2015-06-05 11:42:43,835] - onDestroy(20)
 S_DBG root [0x00000bdc] [2015-06-05 11:42:43,836] - onDestroy(22)
 S_DBG root [0x00000bdc] [2015-06-05 11:42:43,837] - onDestroy(24)
 S_DBG root [0x00000bdc] [2015-06-05 11:42:43,838] - onDestroy(26)
 S_DBG root [0x00000bdc] [2015-06-05 11:42:43,840] - onDestroy(31)
 S_DBG root [0x00000bdc] [2015-06-05 11:42:43,841] - onDestroy(33)
 S_DBG root [0x00000bdc] [2015-06-05 11:42:43,842] - onDestroy(35)
 S_DBG root [0x00000bdc] [2015-06-05 11:42:43,843] - onDestroy(37)
 S_DBG root [0x00000bdc] [2015-06-05 11:42:43,844] - onDestroy(40)
 S_DBG root [0x00000bdc] [2015-06-05 11:42:43,845] - onDestroy(43)
 S_DBG root [0x00000bdc] [2015-06-05 11:42:43,847] - onDestroy(46)
 S_DBG root [0x00000bdc] [2015-06-05 11:42:43,847] - onDestroy(49)
 S_DBG root [0x00000bdc] [2015-06-05 11:42:43,848] - onDestroy(52)
 S_DBG root [0x00000bdc] [2015-06-05 11:42:43,850] - onDestroy(58)
 S_DBG root [0x00000bdc] [2015-06-05 11:42:43,851] - onDestroy(60)
 S_DBG root [0x00000bdc] [2015-06-05 11:42:43,853] - onDestroy(62)
 S_DBG root [0x00000bdc] [2015-06-05 11:42:43,854] - onDestroy(64)
  INFO root [0x00000bdc] [2015-06-05 11:42:43,855] - Spaces::destroySpace: 1.
 DEBUG root [0x00000bdc] [2015-06-05 11:42:43,856] - Space::removeEntity: lose creator(2).
  INFO root [0x00000bdc] [2015-06-05 11:42:43,856] - Spaces::destroySpace: 1.
  INFO root [0x00000bdc] [2015-06-05 11:42:43,856] - Space::~Space(): 2
  INFO root [0x00000bdc] [2015-06-05 11:42:43,857] - Monster::~Monster(): 1088
  INFO root [0x00000bdc] [2015-06-05 11:42:43,857] - Monster::~Monster(): 1086
  INFO root [0x00000bdc] [2015-06-05 11:42:43,858] - Monster::~Monster(): 1083
  INFO root [0x00000bdc] [2015-06-05 11:42:43,858] - Monster::~Monster(): 1080
  INFO root [0x00000bdc] [2015-06-05 11:42:43,858] - Monster::~Monster(): 1075
  INFO root [0x00000bdc] [2015-06-05 11:42:43,859] - Monster::~Monster(): 1074
  INFO root [0x00000bdc] [2015-06-05 11:42:43,859] - Monster::~Monster(): 1069
  INFO root [0x00000bdc] [2015-06-05 11:42:43,859] - Monster::~Monster(): 1066
  INFO root [0x00000bdc] [2015-06-05 11:42:43,860] - Monster::~Monster(): 1064
  INFO root [0x00000bdc] [2015-06-05 11:42:43,860] - SpawnPoint::~SpawnPoint(): 69
  INFO root [0x00000bdc] [2015-06-05 11:42:43,860] - SpawnPoint::~SpawnPoint(): 66
  INFO root [0x00000bdc] [2015-06-05 11:42:43,861] - Monster::~Monster(): 1058
  INFO root [0x00000bdc] [2015-06-05 11:42:43,861] - Monster::~Monster(): 1026
  INFO root [0x00000bdc] [2015-06-05 11:42:43,861] - SpawnPoint::~SpawnPoint(): 16
  INFO root [0x00000bdc] [2015-06-05 11:42:43,862] - Monster::~Monster(): 1027
  INFO root [0x00000bdc] [2015-06-05 11:42:43,862] - SpawnPoint::~SpawnPoint(): 18
  INFO root [0x00000bdc] [2015-06-05 11:42:43,862] - Monster::~Monster(): 1028
  INFO root [0x00000bdc] [2015-06-05 11:42:43,863] - SpawnPoint::~SpawnPoint(): 20
  INFO root [0x00000bdc] [2015-06-05 11:42:43,863] - Monster::~Monster(): 1029
  INFO root [0x00000bdc] [2015-06-05 11:42:43,863] - SpawnPoint::~SpawnPoint(): 22
  INFO root [0x00000bdc] [2015-06-05 11:42:43,864] - Monster::~Monster(): 1030
  INFO root [0x00000bdc] [2015-06-05 11:42:43,864] - SpawnPoint::~SpawnPoint(): 24
  INFO root [0x00000bdc] [2015-06-05 11:42:43,864] - Monster::~Monster(): 1031
  INFO root [0x00000bdc] [2015-06-05 11:42:43,865] - SpawnPoint::~SpawnPoint(): 26
  INFO root [0x00000bdc] [2015-06-05 11:42:43,865] - Monster::~Monster(): 1032
  INFO root [0x00000bdc] [2015-06-05 11:42:43,866] - Monster::~Monster(): 1062
  INFO root [0x00000bdc] [2015-06-05 11:42:43,866] - Monster::~Monster(): 1033
  INFO root [0x00000bdc] [2015-06-05 11:42:43,866] - SpawnPoint::~SpawnPoint(): 31
  INFO root [0x00000bdc] [2015-06-05 11:42:43,867] - Monster::~Monster(): 1034
  INFO root [0x00000bdc] [2015-06-05 11:42:43,867] - SpawnPoint::~SpawnPoint(): 33
  INFO root [0x00000bdc] [2015-06-05 11:42:43,867] - Monster::~Monster(): 1036
  INFO root [0x00000bdc] [2015-06-05 11:42:43,867] - SpawnPoint::~SpawnPoint(): 35
  INFO root [0x00000bdc] [2015-06-05 11:42:43,868] - Monster::~Monster(): 1037
  INFO root [0x00000bdc] [2015-06-05 11:42:43,868] - SpawnPoint::~SpawnPoint(): 37
  INFO root [0x00000bdc] [2015-06-05 11:42:43,868] - Monster::~Monster(): 1039
  INFO root [0x00000bdc] [2015-06-05 11:42:43,869] - SpawnPoint::~SpawnPoint(): 40
  INFO root [0x00000bdc] [2015-06-05 11:42:43,869] - Monster::~Monster(): 1042
  INFO root [0x00000bdc] [2015-06-05 11:42:43,870] - SpawnPoint::~SpawnPoint(): 43
  INFO root [0x00000bdc] [2015-06-05 11:42:43,870] - Monster::~Monster(): 1079
  INFO root [0x00000bdc] [2015-06-05 11:42:43,870] - SpawnPoint::~SpawnPoint(): 46
  INFO root [0x00000bdc] [2015-06-05 11:42:43,871] - Monster::~Monster(): 1045
  INFO root [0x00000bdc] [2015-06-05 11:42:43,871] - SpawnPoint::~SpawnPoint(): 49
  INFO root [0x00000bdc] [2015-06-05 11:42:43,871] - Monster::~Monster(): 1047
  INFO root [0x00000bdc] [2015-06-05 11:42:43,872] - SpawnPoint::~SpawnPoint(): 52
  INFO root [0x00000bdc] [2015-06-05 11:42:43,872] - Monster::~Monster(): 1050
  INFO root [0x00000bdc] [2015-06-05 11:42:43,872] - SpawnPoint::~SpawnPoint(): 58
  INFO root [0x00000bdc] [2015-06-05 11:42:43,873] - Monster::~Monster(): 1052
  INFO root [0x00000bdc] [2015-06-05 11:42:43,873] - SpawnPoint::~SpawnPoint(): 60
  INFO root [0x00000bdc] [2015-06-05 11:42:43,874] - Monster::~Monster(): 1053
  INFO root [0x00000bdc] [2015-06-05 11:42:43,874] - SpawnPoint::~SpawnPoint(): 62
  INFO root [0x00000bdc] [2015-06-05 11:42:43,874] - Monster::~Monster(): 1056
  INFO root [0x00000bdc] [2015-06-05 11:42:43,875] - SpawnPoint::~SpawnPoint(): 64
 S_DBG root [0x00000bdc] [2015-06-05 11:42:43,875] - onDestroy(15)
 S_DBG root [0x00000bdc] [2015-06-05 11:42:43,876] - onDestroy(17)
 S_DBG root [0x00000bdc] [2015-06-05 11:42:43,877] - onDestroy(19)
 S_DBG root [0x00000bdc] [2015-06-05 11:42:43,877] - onDestroy(21)
 S_DBG root [0x00000bdc] [2015-06-05 11:42:43,878] - onDestroy(23)
 S_DBG root [0x00000bdc] [2015-06-05 11:42:43,878] - onDestroy(25)
 S_DBG root [0x00000bdc] [2015-06-05 11:42:43,879] - onDestroy(27)
 S_DBG root [0x00000bdc] [2015-06-05 11:42:43,879] - onDestroy(30)
 S_DBG root [0x00000bdc] [2015-06-05 11:42:43,880] - onDestroy(32)
 S_DBG root [0x00000bdc] [2015-06-05 11:42:43,881] - onDestroy(34)
 S_DBG root [0x00000bdc] [2015-06-05 11:42:43,882] - onDestroy(36)
 S_DBG root [0x00000bdc] [2015-06-05 11:42:43,883] - onDestroy(38)
 ERROR root [0x00000bdc] [2015-06-05 11:42:43,885] - 192.168.1.107:4330: Exception occurred: REASON_CLIENT_DISCONNECTED
 S_DBG root [0x00000bdc] [2015-06-05 11:42:43,887] - onDestroy(41)
 S_DBG root [0x00000bdc] [2015-06-05 11:42:43,887] - onDestroy(44)
 S_DBG root [0x00000bdc] [2015-06-05 11:42:43,888] - onDestroy(47)
 S_DBG root [0x00000bdc] [2015-06-05 11:42:43,889] - onDestroy(50)
 S_DBG root [0x00000bdc] [2015-06-05 11:42:43,890] - onDestroy(53)
 S_DBG root [0x00000bdc] [2015-06-05 11:42:43,890] - onDestroy(56)
  INFO root [0x00000bdc] [2015-06-05 11:42:43,895] - Spaces::destroySpace: 2.
 DEBUG root [0x00000bdc] [2015-06-05 11:42:43,895] - Space::removeEntity: lose creator(10).
  INFO root [0x00000bdc] [2015-06-05 11:42:43,895] - Spaces::destroySpace: 2.
  INFO root [0x00000bdc] [2015-06-05 11:42:43,896] - Space::~Space(): 10
  INFO root [0x00000bdc] [2015-06-05 11:42:43,896] - SpawnPoint::~SpawnPoint(): 15
  INFO root [0x00000bdc] [2015-06-05 11:42:43,896] - SpawnPoint::~SpawnPoint(): 17
  INFO root [0x00000bdc] [2015-06-05 11:42:43,897] - SpawnPoint::~SpawnPoint(): 19
  INFO root [0x00000bdc] [2015-06-05 11:42:43,897] - SpawnPoint::~SpawnPoint(): 21
  INFO root [0x00000bdc] [2015-06-05 11:42:43,897] - SpawnPoint::~SpawnPoint(): 23
  INFO root [0x00000bdc] [2015-06-05 11:42:43,898] - SpawnPoint::~SpawnPoint(): 25
  INFO root [0x00000bdc] [2015-06-05 11:42:43,898] - SpawnPoint::~SpawnPoint(): 27
  INFO root [0x00000bdc] [2015-06-05 11:42:43,898] - SpawnPoint::~SpawnPoint(): 30
  INFO root [0x00000bdc] [2015-06-05 11:42:43,899] - SpawnPoint::~SpawnPoint(): 32
  INFO root [0x00000bdc] [2015-06-05 11:42:43,899] - SpawnPoint::~SpawnPoint(): 34
  INFO root [0x00000bdc] [2015-06-05 11:42:43,899] - NPC::~NPC(): 1035
  INFO root [0x00000bdc] [2015-06-05 11:42:43,900] - SpawnPoint::~SpawnPoint(): 36
  INFO root [0x00000bdc] [2015-06-05 11:42:43,900] - NPC::~NPC(): 1038
  INFO root [0x00000bdc] [2015-06-05 11:42:43,900] - SpawnPoint::~SpawnPoint(): 38
  INFO root [0x00000bdc] [2015-06-05 11:42:43,901] - Monster::~Monster(): 1040
  INFO root [0x00000bdc] [2015-06-05 11:42:43,901] - SpawnPoint::~SpawnPoint(): 41
  INFO root [0x00000bdc] [2015-06-05 11:42:43,901] - Monster::~Monster(): 1041
  INFO root [0x00000bdc] [2015-06-05 11:42:43,902] - SpawnPoint::~SpawnPoint(): 44
  INFO root [0x00000bdc] [2015-06-05 11:42:43,902] - Monster::~Monster(): 1044
  INFO root [0x00000bdc] [2015-06-05 11:42:43,902] - SpawnPoint::~SpawnPoint(): 47
  INFO root [0x00000bdc] [2015-06-05 11:42:43,903] - Monster::~Monster(): 1046
  INFO root [0x00000bdc] [2015-06-05 11:42:43,903] - SpawnPoint::~SpawnPoint(): 50
  INFO root [0x00000bdc] [2015-06-05 11:42:43,903] - Monster::~Monster(): 1048
  INFO root [0x00000bdc] [2015-06-05 11:42:43,904] - SpawnPoint::~SpawnPoint(): 53
  INFO root [0x00000bdc] [2015-06-05 11:42:43,904] - Monster::~Monster(): 1049
  INFO root [0x00000bdc] [2015-06-05 11:42:43,904] - SpawnPoint::~SpawnPoint(): 56
  INFO root [0x00000bdc] [2015-06-05 11:42:43,905] - Monster::~Monster(): 1051
  INFO root [0x00000bdc] [2015-06-05 11:42:43,905] - Monster::~Monster(): 1054
  INFO root [0x00000bdc] [2015-06-05 11:42:43,905] - Monster::~Monster(): 1055
  INFO root [0x00000bdc] [2015-06-05 11:42:43,906] - Monster::~Monster(): 1057
  INFO root [0x00000bdc] [2015-06-05 11:42:43,906] - Monster::~Monster(): 1061
  INFO root [0x00000bdc] [2015-06-05 11:42:43,906] - Monster::~Monster(): 1063
  INFO root [0x00000bdc] [2015-06-05 11:42:43,907] - Monster::~Monster(): 1065
  INFO root [0x00000bdc] [2015-06-05 11:42:43,907] - Monster::~Monster(): 1071
  INFO root [0x00000bdc] [2015-06-05 11:42:43,907] - Monster::~Monster(): 1072
  INFO root [0x00000bdc] [2015-06-05 11:42:43,908] - Monster::~Monster(): 1077
 S_DBG root [0x00000bdc] [2015-06-05 11:42:43,908] - onDestroy(39)
 S_DBG root [0x00000bdc] [2015-06-05 11:42:43,909] - onDestroy(42)
 S_DBG root [0x00000bdc] [2015-06-05 11:42:43,909] - onDestroy(45)
 S_DBG root [0x00000bdc] [2015-06-05 11:42:43,910] - onDestroy(48)
 S_DBG root [0x00000bdc] [2015-06-05 11:42:43,911] - onDestroy(51)
 S_DBG root [0x00000bdc] [2015-06-05 11:42:43,911] - onDestroy(54)
 S_DBG root [0x00000bdc] [2015-06-05 11:42:43,912] - onDestroy(57)
 S_DBG root [0x00000bdc] [2015-06-05 11:42:43,912] - onDestroy(59)
 S_DBG root [0x00000bdc] [2015-06-05 11:42:43,913] - onDestroy(61)
 S_DBG root [0x00000bdc] [2015-06-05 11:42:43,914] - onDestroy(63)
  INFO root [0x00001d78] [2015-06-05 11:53:01,964] - -----------------------------------------------------------------------------------------


  INFO root [0x00001d78] [2015-06-05 11:53:01,965] - Resmgr::initialize: KBE_ROOT=E:/kbengine/
  INFO root [0x00001d78] [2015-06-05 11:53:01,965] - Resmgr::initialize: KBE_RES_PATH=E:/kbengine/kbe/res/;E:/kbengine/kbengine_demos_assets/;E:/kbengine/kbengine_demos_assets/scripts/;E:/kbengine/kbengine_demos_assets/res/
  INFO root [0x00001d78] [2015-06-05 11:53:01,966] - Resmgr::initialize: KBE_BIN_PATH=E:/kbengine/kbe/bin/server/
  INFO root [0x00001d78] [2015-06-05 11:53:01,976] - NetworkInterface::recreateListeningSocket(INTERNAL): bound to all interfaces with default route interface on 192.168.1.107 ( 192.168.1.107:4508 )
  INFO root [0x00001d78] [2015-06-05 11:53:01,977] - NetworkInterface::recreateListeningSocket(INTERNAL): address 192.168.1.107:4508, SOMAXCONN=5.
  INFO root [0x00001d78] [2015-06-05 11:53:01,977] - server-configs:
  INFO root [0x00001d78] [2015-06-05 11:53:01,977] - 	gameUpdateHertz : 10
  INFO root [0x00001d78] [2015-06-05 11:53:01,977] - 	defaultAoIRadius : 80
  INFO root [0x00001d78] [2015-06-05 11:53:01,978] - 	defaultAoIHysteresisArea : 5
  INFO root [0x00001d78] [2015-06-05 11:53:01,978] - 	entryScriptFile : kbengine
  INFO root [0x00001d78] [2015-06-05 11:53:01,978] - 	internalAddr : 192.168.1.107:4508
  INFO root [0x00001d78] [2015-06-05 11:53:01,979] - 	componentID : 8001
  INFO root [0x00001d78] [2015-06-05 11:53:01,986] - ---- cellapp Version: 0.6.1. ScriptVersion: 0.1.0. Protocol: 8E4D667806C69CB2931D5BBF3CEB53D0. Config: Debug. Built: 10:37:58 Jun  3 2015. AppID: 8001. UID: 52554. PID: 7044 ----
  INFO root [0x00001d78] [2015-06-05 11:53:01,987] - Server Administrator: Intel(R) Core(TM) i5-4440 CPU @ 3.10GHz with 4194303kB RAM
  INFO root [0x00001d78] [2015-06-05 11:53:01,987] - ThreadPool::createThreadPool: creating  threadpool...
  INFO root [0x00001d78] [2015-06-05 11:53:01,988] - ThreadPool::createThreadPool: successfully(2), newThreadCount=1, normalMaxThreadCount=2, maxThreadCount=8
 DEBUG root [0x00001d78] [2015-06-05 11:53:02,171] - Script::install_py_dlls(): PyInit_pyexpat
 DEBUG root [0x00001d78] [2015-06-05 11:53:02,172] - Script::install_py_dlls(): PyInit__socket
 DEBUG root [0x00001d78] [2015-06-05 11:53:02,173] - Script::install_py_dlls(): PyInit__hashlib
 DEBUG root [0x00001d78] [2015-06-05 11:53:02,273] - Script::install_py_dlls(): PyInit_select
 DEBUG root [0x00001d78] [2015-06-05 11:53:02,273] - Script::install_py_dlls(): PyInit__ctypes
 DEBUG root [0x00001d78] [2015-06-05 11:53:02,274] - Script::install_py_dlls(): PyInit__elementtree
 DEBUG root [0x00001d78] [2015-06-05 11:53:02,301] - Script::install_py_dlls(): PyInit_unicodedata
  INFO root [0x00001d78] [2015-06-05 11:53:02,408] - Script::install(): is successfully, Python=(3.4.2 (default, Jun  3 2015, 10:39:02) [MSC v.1800 32 bit (Intel)])!
  INFO root [0x00001d78] [2015-06-05 11:53:02,408] - Script::install(): KBExtra is successfully!
 DEBUG root [0x00001d78] [2015-06-05 11:53:02,654] - loaded script:Account(1).
 DEBUG root [0x00001d78] [2015-06-05 11:53:02,667] - loaded script:Avatar(2).
 DEBUG root [0x00001d78] [2015-06-05 11:53:02,670] - loaded script:Monster(3).
 DEBUG root [0x00001d78] [2015-06-05 11:53:02,671] - loaded script:NPC(4).
 DEBUG root [0x00001d78] [2015-06-05 11:53:02,672] - loaded script:Gate(5).
 DEBUG root [0x00001d78] [2015-06-05 11:53:02,674] - loaded script:Space(7).
 DEBUG root [0x00001d78] [2015-06-05 11:53:02,675] - loaded script:SpaceDuplicate(8).
 DEBUG root [0x00001d78] [2015-06-05 11:53:02,677] - loaded script:SpawnPoint(9).
  INFO root [0x00001d78] [2015-06-05 11:53:02,677] - TelnetServer server is running on port 50000
  INFO root [0x00001d78] [2015-06-05 11:53:03,370] - ---- cellapp is running ----
 DEBUG root [0x00001d78] [2015-06-05 11:53:03,373] - Components::process(): Request for the process of identity...
  WARN root [0x00001d78] [2015-06-05 11:53:09,387] - EntityApp::checkTickPeriod: tick took 6017% (6.02 seconds)!
  INFO root [0x00001d78] [2015-06-05 11:53:10,467] - Components::findInterfaces: find logger(1)...
  INFO root [0x00001d78] [2015-06-05 11:53:10,604] - Components::findInterfaces: found logger, addr:192.168.1.107:4505
  INFO root [0x00001d78] [2015-06-05 11:53:10,604] - Components::addComponent[logger], uid=52554, componentID=2000, globalorderid=8, grouporderid=1, totalcount=1
  INFO root [0x00001d78] [2015-06-05 11:53:10,605] - Components::findInterfaces: find dbmgr(2)...
  INFO root [0x00001d78] [2015-06-05 11:53:10,619] - Components::findInterfaces: found logger, addr:192.168.1.107:4505
  INFO root [0x00001d78] [2015-06-05 11:53:10,766] - Components::findInterfaces: found dbmgr, addr:192.168.1.107:4501
  INFO root [0x00001d78] [2015-06-05 11:53:10,766] - Components::addComponent[dbmgr], uid=52554, componentID=4000, globalorderid=7, grouporderid=1, totalcount=1
  INFO root [0x00001d78] [2015-06-05 11:53:10,781] - Components::findInterfaces: found dbmgr, addr:192.168.1.107:4501
  WARN root [0x00001d78] [2015-06-05 11:53:11,782] - Forwarding logs to logger[192.168.1.107:4505/0/0/0]...
 ERROR root [0x00001d78] [2015-06-05 12:07:05,275] - Components::removeComponentFromChannel: logger : 2000, Abnormal exit.
  WARN root [0x00001d78] [2015-06-05 12:07:05,303] - TCPPacketReceiver::processPendingEvents: Throwing REASON_GENERAL_NETWORK - WSAECONNRESET
 ERROR root [0x00001d78] [2015-06-05 12:07:05,375] - Components::removeComponentFromChannel: dbmgr : 4000, Abnormal exit.
  INFO root [0x00001d78] [2015-06-05 12:07:05,377] - Shutdowner::onShutdownBegin: shutting down(period=0, tickPeriod=1)
  INFO root [0x00001d78] [2015-06-05 12:07:05,378] - Shutdowner::onShutdown: shutting down
 S_DBG root [0x00001d78] [2015-06-05 12:07:05,378] - onDestroy(3)
  INFO root [0x00001d78] [2015-06-05 12:07:05,379] - SpawnPoint::~SpawnPoint(): 3
 S_DBG root [0x00001d78] [2015-06-05 12:07:05,379] - onDestroy(4)
  INFO root [0x00001d78] [2015-06-05 12:07:05,380] - SpawnPoint::~SpawnPoint(): 4
 S_DBG root [0x00001d78] [2015-06-05 12:07:05,380] - onDestroy(5)
  INFO root [0x00001d78] [2015-06-05 12:07:05,381] - SpawnPoint::~SpawnPoint(): 5
 S_DBG root [0x00001d78] [2015-06-05 12:07:05,381] - onDestroy(6)
  INFO root [0x00001d78] [2015-06-05 12:07:05,382] - SpawnPoint::~SpawnPoint(): 6
  INFO root [0x00001d78] [2015-06-05 12:07:05,383] - Monster::~Monster(): 1043
  INFO root [0x00001d78] [2015-06-05 12:07:05,385] - Monster::~Monster(): 1171
 S_DBG root [0x00001d78] [2015-06-05 12:07:05,385] - onDestroy(7)
  INFO root [0x00001d78] [2015-06-05 12:07:05,386] - SpawnPoint::~SpawnPoint(): 7
 S_DBG root [0x00001d78] [2015-06-05 12:07:05,386] - onDestroy(8)
  INFO root [0x00001d78] [2015-06-05 12:07:05,387] - SpawnPoint::~SpawnPoint(): 8
 S_DBG root [0x00001d78] [2015-06-05 12:07:05,388] - onDestroy(9)
  INFO root [0x00001d78] [2015-06-05 12:07:05,389] - SpawnPoint::~SpawnPoint(): 9
 S_DBG root [0x00001d78] [2015-06-05 12:07:05,389] - onDestroy(11)
  INFO root [0x00001d78] [2015-06-05 12:07:05,390] - SpawnPoint::~SpawnPoint(): 11
 S_DBG root [0x00001d78] [2015-06-05 12:07:05,391] - onDestroy(12)
  INFO root [0x00001d78] [2015-06-05 12:07:05,391] - SpawnPoint::~SpawnPoint(): 12
 S_DBG root [0x00001d78] [2015-06-05 12:07:05,392] - onDestroy(13)
  INFO root [0x00001d78] [2015-06-05 12:07:05,392] - SpawnPoint::~SpawnPoint(): 13
 S_DBG root [0x00001d78] [2015-06-05 12:07:05,393] - onDestroy(29)
  INFO root [0x00001d78] [2015-06-05 12:07:05,393] - SpawnPoint::~SpawnPoint(): 29
  INFO root [0x00001d78] [2015-06-05 12:07:05,394] - NPC::~NPC(): 1025
 S_DBG root [0x00001d78] [2015-06-05 12:07:05,394] - onDestroy(14)
  INFO root [0x00001d78] [2015-06-05 12:07:05,395] - SpawnPoint::~SpawnPoint(): 14
  INFO root [0x00001d78] [2015-06-05 12:07:05,395] - Shutdowner::onShutdownEnd: shutting down
 S_DBG root [0x00001d78] [2015-06-05 12:07:05,402] - onDestroy(68)
 S_DBG root [0x00001d78] [2015-06-05 12:07:05,403] - onDestroy(16)
 S_DBG root [0x00001d78] [2015-06-05 12:07:05,408] - onDestroy(18)
 S_DBG root [0x00001d78] [2015-06-05 12:07:05,409] - onDestroy(20)
 S_DBG root [0x00001d78] [2015-06-05 12:07:05,410] - onDestroy(22)
 S_DBG root [0x00001d78] [2015-06-05 12:07:05,411] - onDestroy(24)
 S_DBG root [0x00001d78] [2015-06-05 12:07:05,412] - onDestroy(26)
 S_DBG root [0x00001d78] [2015-06-05 12:07:05,413] - onDestroy(70)
 S_DBG root [0x00001d78] [2015-06-05 12:07:05,414] - onDestroy(31)
 S_DBG root [0x00001d78] [2015-06-05 12:07:05,415] - onDestroy(33)
 S_DBG root [0x00001d78] [2015-06-05 12:07:05,416] - onDestroy(35)
 S_DBG root [0x00001d78] [2015-06-05 12:07:05,417] - onDestroy(38)
 S_DBG root [0x00001d78] [2015-06-05 12:07:05,418] - onDestroy(41)
 S_DBG root [0x00001d78] [2015-06-05 12:07:05,419] - onDestroy(44)
 S_DBG root [0x00001d78] [2015-06-05 12:07:05,420] - onDestroy(47)
 S_DBG root [0x00001d78] [2015-06-05 12:07:05,421] - onDestroy(50)
 S_DBG root [0x00001d78] [2015-06-05 12:07:05,422] - onDestroy(53)
 S_DBG root [0x00001d78] [2015-06-05 12:07:05,422] - onDestroy(59)
 S_DBG root [0x00001d78] [2015-06-05 12:07:05,423] - onDestroy(61)
 S_DBG root [0x00001d78] [2015-06-05 12:07:05,424] - onDestroy(63)
 S_DBG root [0x00001d78] [2015-06-05 12:07:05,424] - onDestroy(65)
  INFO root [0x00001d78] [2015-06-05 12:07:05,426] - Spaces::destroySpace: 1.
 DEBUG root [0x00001d78] [2015-06-05 12:07:05,426] - Space::removeEntity: lose creator(2).
  INFO root [0x00001d78] [2015-06-05 12:07:05,427] - Spaces::destroySpace: 1.
  INFO root [0x00001d78] [2015-06-05 12:07:05,427] - Space::~Space(): 2
  INFO root [0x00001d78] [2015-06-05 12:07:05,427] - Monster::~Monster(): 1088
  INFO root [0x00001d78] [2015-06-05 12:07:05,427] - Monster::~Monster(): 1086
  INFO root [0x00001d78] [2015-06-05 12:07:05,428] - Monster::~Monster(): 1085
  INFO root [0x00001d78] [2015-06-05 12:07:05,428] - Monster::~Monster(): 1081
  INFO root [0x00001d78] [2015-06-05 12:07:05,428] - Monster::~Monster(): 1079
  INFO root [0x00001d78] [2015-06-05 12:07:05,429] - Monster::~Monster(): 1078
  INFO root [0x00001d78] [2015-06-05 12:07:05,429] - Monster::~Monster(): 1073
  INFO root [0x00001d78] [2015-06-05 12:07:05,430] - Monster::~Monster(): 1070
  INFO root [0x00001d78] [2015-06-05 12:07:05,430] - Monster::~Monster(): 1068
  INFO root [0x00001d78] [2015-06-05 12:07:05,430] - Monster::~Monster(): 1065
  INFO root [0x00001d78] [2015-06-05 12:07:05,431] - Monster::~Monster(): 1062
  INFO root [0x00001d78] [2015-06-05 12:07:05,431] - SpawnPoint::~SpawnPoint(): 68
  INFO root [0x00001d78] [2015-06-05 12:07:05,431] - Monster::~Monster(): 1026
  INFO root [0x00001d78] [2015-06-05 12:07:05,432] - SpawnPoint::~SpawnPoint(): 16
  INFO root [0x00001d78] [2015-06-05 12:07:05,432] - Monster::~Monster(): 1027
  INFO root [0x00001d78] [2015-06-05 12:07:05,432] - SpawnPoint::~SpawnPoint(): 18
  INFO root [0x00001d78] [2015-06-05 12:07:05,433] - Monster::~Monster(): 1028
  INFO root [0x00001d78] [2015-06-05 12:07:05,433] - SpawnPoint::~SpawnPoint(): 20
  INFO root [0x00001d78] [2015-06-05 12:07:05,433] - Monster::~Monster(): 1029
  INFO root [0x00001d78] [2015-06-05 12:07:05,433] - SpawnPoint::~SpawnPoint(): 22
  INFO root [0x00001d78] [2015-06-05 12:07:05,434] - Monster::~Monster(): 1030
  INFO root [0x00001d78] [2015-06-05 12:07:05,434] - SpawnPoint::~SpawnPoint(): 24
  INFO root [0x00001d78] [2015-06-05 12:07:05,434] - Monster::~Monster(): 1031
  INFO root [0x00001d78] [2015-06-05 12:07:05,435] - SpawnPoint::~SpawnPoint(): 26
  INFO root [0x00001d78] [2015-06-05 12:07:05,435] - Monster::~Monster(): 1032
  INFO root [0x00001d78] [2015-06-05 12:07:05,436] - SpawnPoint::~SpawnPoint(): 70
  INFO root [0x00001d78] [2015-06-05 12:07:05,436] - Monster::~Monster(): 1033
  INFO root [0x00001d78] [2015-06-05 12:07:05,436] - SpawnPoint::~SpawnPoint(): 31
  INFO root [0x00001d78] [2015-06-05 12:07:05,437] - Monster::~Monster(): 1034
  INFO root [0x00001d78] [2015-06-05 12:07:05,437] - SpawnPoint::~SpawnPoint(): 33
  INFO root [0x00001d78] [2015-06-05 12:07:05,437] - Monster::~Monster(): 1036
  INFO root [0x00001d78] [2015-06-05 12:07:05,437] - SpawnPoint::~SpawnPoint(): 35
  INFO root [0x00001d78] [2015-06-05 12:07:05,438] - Monster::~Monster(): 1037
  INFO root [0x00001d78] [2015-06-05 12:07:05,438] - SpawnPoint::~SpawnPoint(): 38
  INFO root [0x00001d78] [2015-06-05 12:07:05,438] - Monster::~Monster(): 1039
  INFO root [0x00001d78] [2015-06-05 12:07:05,439] - SpawnPoint::~SpawnPoint(): 41
  INFO root [0x00001d78] [2015-06-05 12:07:05,439] - Monster::~Monster(): 1042
  INFO root [0x00001d78] [2015-06-05 12:07:05,439] - SpawnPoint::~SpawnPoint(): 44
  INFO root [0x00001d78] [2015-06-05 12:07:05,440] - Monster::~Monster(): 1044
  INFO root [0x00001d78] [2015-06-05 12:07:05,440] - SpawnPoint::~SpawnPoint(): 47
  INFO root [0x00001d78] [2015-06-05 12:07:05,440] - Monster::~Monster(): 1045
  INFO root [0x00001d78] [2015-06-05 12:07:05,441] - SpawnPoint::~SpawnPoint(): 50
  INFO root [0x00001d78] [2015-06-05 12:07:05,442] - Monster::~Monster(): 1048
  INFO root [0x00001d78] [2015-06-05 12:07:05,442] - SpawnPoint::~SpawnPoint(): 53
  INFO root [0x00001d78] [2015-06-05 12:07:05,442] - Monster::~Monster(): 1050
  INFO root [0x00001d78] [2015-06-05 12:07:05,443] - SpawnPoint::~SpawnPoint(): 59
  INFO root [0x00001d78] [2015-06-05 12:07:05,443] - Monster::~Monster(): 1052
  INFO root [0x00001d78] [2015-06-05 12:07:05,443] - SpawnPoint::~SpawnPoint(): 61
  INFO root [0x00001d78] [2015-06-05 12:07:05,444] - Monster::~Monster(): 1053
  INFO root [0x00001d78] [2015-06-05 12:07:05,444] - SpawnPoint::~SpawnPoint(): 63
  INFO root [0x00001d78] [2015-06-05 12:07:05,444] - Monster::~Monster(): 1056
  INFO root [0x00001d78] [2015-06-05 12:07:05,445] - SpawnPoint::~SpawnPoint(): 65
  INFO root [0x00001d78] [2015-06-05 12:07:05,445] - Monster::~Monster(): 1058
 S_DBG root [0x00001d78] [2015-06-05 12:07:05,445] - onDestroy(15)
 S_DBG root [0x00001d78] [2015-06-05 12:07:05,447] - onDestroy(17)
 S_DBG root [0x00001d78] [2015-06-05 12:07:05,448] - onDestroy(19)
 S_DBG root [0x00001d78] [2015-06-05 12:07:05,448] - onDestroy(21)
 S_DBG root [0x00001d78] [2015-06-05 12:07:05,449] - onDestroy(23)
 S_DBG root [0x00001d78] [2015-06-05 12:07:05,449] - onDestroy(25)
 S_DBG root [0x00001d78] [2015-06-05 12:07:05,450] - onDestroy(27)
 S_DBG root [0x00001d78] [2015-06-05 12:07:05,451] - onDestroy(30)
 S_DBG root [0x00001d78] [2015-06-05 12:07:05,451] - onDestroy(32)
 S_DBG root [0x00001d78] [2015-06-05 12:07:05,452] - onDestroy(34)
 S_DBG root [0x00001d78] [2015-06-05 12:07:05,453] - onDestroy(36)
 S_DBG root [0x00001d78] [2015-06-05 12:07:05,453] - onDestroy(39)
 S_DBG root [0x00001d78] [2015-06-05 12:07:05,454] - onDestroy(42)
 S_DBG root [0x00001d78] [2015-06-05 12:07:05,455] - onDestroy(45)
 S_DBG root [0x00001d78] [2015-06-05 12:07:05,456] - onDestroy(48)
 S_DBG root [0x00001d78] [2015-06-05 12:07:05,458] - onDestroy(51)
 S_DBG root [0x00001d78] [2015-06-05 12:07:05,458] - onDestroy(54)
 S_DBG root [0x00001d78] [2015-06-05 12:07:05,459] - onDestroy(57)
  INFO root [0x00001d78] [2015-06-05 12:07:05,463] - Spaces::destroySpace: 2.
 DEBUG root [0x00001d78] [2015-06-05 12:07:05,464] - Space::removeEntity: lose creator(10).
  INFO root [0x00001d78] [2015-06-05 12:07:05,464] - Spaces::destroySpace: 2.
  INFO root [0x00001d78] [2015-06-05 12:07:05,464] - Space::~Space(): 10
  INFO root [0x00001d78] [2015-06-05 12:07:05,465] - SpawnPoint::~SpawnPoint(): 15
  INFO root [0x00001d78] [2015-06-05 12:07:05,465] - SpawnPoint::~SpawnPoint(): 17
  INFO root [0x00001d78] [2015-06-05 12:07:05,465] - SpawnPoint::~SpawnPoint(): 19
  INFO root [0x00001d78] [2015-06-05 12:07:05,466] - SpawnPoint::~SpawnPoint(): 21
  INFO root [0x00001d78] [2015-06-05 12:07:05,466] - SpawnPoint::~SpawnPoint(): 23
  INFO root [0x00001d78] [2015-06-05 12:07:05,466] - SpawnPoint::~SpawnPoint(): 25
  INFO root [0x00001d78] [2015-06-05 12:07:05,466] - SpawnPoint::~SpawnPoint(): 27
  INFO root [0x00001d78] [2015-06-05 12:07:05,467] - SpawnPoint::~SpawnPoint(): 30
  INFO root [0x00001d78] [2015-06-05 12:07:05,467] - SpawnPoint::~SpawnPoint(): 32
  INFO root [0x00001d78] [2015-06-05 12:07:05,467] - SpawnPoint::~SpawnPoint(): 34
  INFO root [0x00001d78] [2015-06-05 12:07:05,468] - NPC::~NPC(): 1035
  INFO root [0x00001d78] [2015-06-05 12:07:05,468] - SpawnPoint::~SpawnPoint(): 36
  INFO root [0x00001d78] [2015-06-05 12:07:05,468] - NPC::~NPC(): 1038
  INFO root [0x00001d78] [2015-06-05 12:07:05,469] - SpawnPoint::~SpawnPoint(): 39
  INFO root [0x00001d78] [2015-06-05 12:07:05,469] - Monster::~Monster(): 1040
  INFO root [0x00001d78] [2015-06-05 12:07:05,469] - SpawnPoint::~SpawnPoint(): 42
  INFO root [0x00001d78] [2015-06-05 12:07:05,470] - Monster::~Monster(): 1041
  INFO root [0x00001d78] [2015-06-05 12:07:05,470] - SpawnPoint::~SpawnPoint(): 45
  INFO root [0x00001d78] [2015-06-05 12:07:05,470] - Monster::~Monster(): 1077
  INFO root [0x00001d78] [2015-06-05 12:07:05,471] - SpawnPoint::~SpawnPoint(): 48
  INFO root [0x00001d78] [2015-06-05 12:07:05,471] - Monster::~Monster(): 1046
  INFO root [0x00001d78] [2015-06-05 12:07:05,471] - SpawnPoint::~SpawnPoint(): 51
  INFO root [0x00001d78] [2015-06-05 12:07:05,471] - Monster::~Monster(): 1047
  INFO root [0x00001d78] [2015-06-05 12:07:05,472] - SpawnPoint::~SpawnPoint(): 54
  INFO root [0x00001d78] [2015-06-05 12:07:05,473] - Monster::~Monster(): 1049
  INFO root [0x00001d78] [2015-06-05 12:07:05,473] - SpawnPoint::~SpawnPoint(): 57
  INFO root [0x00001d78] [2015-06-05 12:07:05,473] - Monster::~Monster(): 1051
  INFO root [0x00001d78] [2015-06-05 12:07:05,473] - Monster::~Monster(): 1054
  INFO root [0x00001d78] [2015-06-05 12:07:05,474] - Monster::~Monster(): 1055
  INFO root [0x00001d78] [2015-06-05 12:07:05,474] - Monster::~Monster(): 1060
  INFO root [0x00001d78] [2015-06-05 12:07:05,475] - Monster::~Monster(): 1063
  INFO root [0x00001d78] [2015-06-05 12:07:05,475] - Monster::~Monster(): 1064
  INFO root [0x00001d78] [2015-06-05 12:07:05,475] - Monster::~Monster(): 1067
  INFO root [0x00001d78] [2015-06-05 12:07:05,475] - Monster::~Monster(): 1071
  INFO root [0x00001d78] [2015-06-05 12:07:05,476] - Monster::~Monster(): 1075
 S_DBG root [0x00001d78] [2015-06-05 12:07:05,476] - onDestroy(37)
 S_DBG root [0x00001d78] [2015-06-05 12:07:05,477] - onDestroy(40)
 S_DBG root [0x00001d78] [2015-06-05 12:07:05,477] - onDestroy(43)
 S_DBG root [0x00001d78] [2015-06-05 12:07:05,478] - onDestroy(46)
 S_DBG root [0x00001d78] [2015-06-05 12:07:05,478] - onDestroy(49)
 S_DBG root [0x00001d78] [2015-06-05 12:07:05,479] - onDestroy(52)
 S_DBG root [0x00001d78] [2015-06-05 12:07:05,480] - onDestroy(55)
 S_DBG root [0x00001d78] [2015-06-05 12:07:05,480] - onDestroy(58)
 S_DBG root [0x00001d78] [2015-06-05 12:07:05,481] - onDestroy(60)
 S_DBG root [0x00001d78] [2015-06-05 12:07:05,482] - onDestroy(62)
 S_DBG root [0x00001d78] [2015-06-05 12:07:05,482] - onDestroy(64)
 S_DBG root [0x00001d78] [2015-06-05 12:07:05,483] - onDestroy(67)
 S_DBG root [0x00001d78] [2015-06-05 12:07:05,484] - onDestroy(69)
 S_DBG root [0x00001d78] [2015-06-05 12:07:05,485] - onDestroy(71)
 S_DBG root [0x00001d78] [2015-06-05 12:07:05,485] - onDestroy(72)
 S_DBG root [0x00001d78] [2015-06-05 12:07:05,486] - onDestroy(73)
 S_DBG root [0x00001d78] [2015-06-05 12:07:05,487] - onDestroy(74)
 S_DBG root [0x00001d78] [2015-06-05 12:07:05,487] - onDestroy(75)
 S_DBG root [0x00001d78] [2015-06-05 12:07:05,488] - onDestroy(76)
 S_DBG root [0x00001d78] [2015-06-05 12:07:05,489] - onDestroy(77)
 ERROR root [0x00001d78] [2015-06-05 12:07:05,490] - 192.168.1.107:4535: Exception occurred: REASON_CLIENT_DISCONNECTED
  INFO root [0x00001d78] [2015-06-05 12:07:05,494] - Spaces::destroySpace: 3.
 DEBUG root [0x00001d78] [2015-06-05 12:07:05,495] - Space::removeEntity: lose creator(28).
  INFO root [0x00001d78] [2015-06-05 12:07:05,495] - Spaces::destroySpace: 3.
  INFO root [0x00001d78] [2015-06-05 12:07:05,495] - Space::~Space(): 28
  INFO root [0x00001d78] [2015-06-05 12:07:05,495] - SpawnPoint::~SpawnPoint(): 37
  INFO root [0x00001d78] [2015-06-05 12:07:05,496] - SpawnPoint::~SpawnPoint(): 40
  INFO root [0x00001d78] [2015-06-05 12:07:05,496] - SpawnPoint::~SpawnPoint(): 43
  INFO root [0x00001d78] [2015-06-05 12:07:05,496] - SpawnPoint::~SpawnPoint(): 46
  INFO root [0x00001d78] [2015-06-05 12:07:05,497] - SpawnPoint::~SpawnPoint(): 49
  INFO root [0x00001d78] [2015-06-05 12:07:05,497] - SpawnPoint::~SpawnPoint(): 52
  INFO root [0x00001d78] [2015-06-05 12:07:05,497] - SpawnPoint::~SpawnPoint(): 55
  INFO root [0x00001d78] [2015-06-05 12:07:05,498] - SpawnPoint::~SpawnPoint(): 58
  INFO root [0x00001d78] [2015-06-05 12:07:05,498] - SpawnPoint::~SpawnPoint(): 60
  INFO root [0x00001d78] [2015-06-05 12:07:05,498] - SpawnPoint::~SpawnPoint(): 62
  INFO root [0x00001d78] [2015-06-05 12:07:05,498] - NPC::~NPC(): 1057
  INFO root [0x00001d78] [2015-06-05 12:07:05,499] - SpawnPoint::~SpawnPoint(): 64
  INFO root [0x00001d78] [2015-06-05 12:07:05,499] - NPC::~NPC(): 1059
  INFO root [0x00001d78] [2015-06-05 12:07:05,499] - SpawnPoint::~SpawnPoint(): 67
  INFO root [0x00001d78] [2015-06-05 12:07:05,500] - Monster::~Monster(): 1061
  INFO root [0x00001d78] [2015-06-05 12:07:05,500] - SpawnPoint::~SpawnPoint(): 69
  INFO root [0x00001d78] [2015-06-05 12:07:05,500] - Monster::~Monster(): 1066
  INFO root [0x00001d78] [2015-06-05 12:07:05,501] - SpawnPoint::~SpawnPoint(): 71
  INFO root [0x00001d78] [2015-06-05 12:07:05,501] - Monster::~Monster(): 1069
  INFO root [0x00001d78] [2015-06-05 12:07:05,501] - SpawnPoint::~SpawnPoint(): 72
  INFO root [0x00001d78] [2015-06-05 12:07:05,502] - Monster::~Monster(): 1072
  INFO root [0x00001d78] [2015-06-05 12:07:05,502] - SpawnPoint::~SpawnPoint(): 73
  INFO root [0x00001d78] [2015-06-05 12:07:05,502] - Monster::~Monster(): 1074
  INFO root [0x00001d78] [2015-06-05 12:07:05,503] - SpawnPoint::~SpawnPoint(): 74
  INFO root [0x00001d78] [2015-06-05 12:07:05,503] - Monster::~Monster(): 1076
  INFO root [0x00001d78] [2015-06-05 12:07:05,503] - SpawnPoint::~SpawnPoint(): 75
  INFO root [0x00001d78] [2015-06-05 12:07:05,504] - Monster::~Monster(): 1080
  INFO root [0x00001d78] [2015-06-05 12:07:05,504] - SpawnPoint::~SpawnPoint(): 76
  INFO root [0x00001d78] [2015-06-05 12:07:05,504] - Monster::~Monster(): 1082
  INFO root [0x00001d78] [2015-06-05 12:07:05,504] - SpawnPoint::~SpawnPoint(): 77
  INFO root [0x00001d78] [2015-06-05 12:07:05,505] - Monster::~Monster(): 1084
  INFO root [0x00001d78] [2015-06-05 12:07:05,505] - Monster::~Monster(): 1087
  INFO root [0x00001d78] [2015-06-05 12:07:05,506] - Monster::~Monster(): 1089
  INFO root [0x00001d78] [2015-06-05 12:07:05,506] - Monster::~Monster(): 1090
  INFO root [0x00001d78] [2015-06-05 12:07:05,506] - Monster::~Monster(): 1091
  INFO root [0x00001d78] [2015-06-05 12:07:05,507] - Monster::~Monster(): 1092
  INFO root [0x00001d78] [2015-06-05 12:07:05,507] - Monster::~Monster(): 1093
  INFO root [0x00001d78] [2015-06-05 12:07:05,507] - Monster::~Monster(): 1094
  INFO root [0x00001d78] [2015-06-05 12:07:05,508] - Gate::~Gate(): 1095
  INFO root [0x00001d78] [2015-06-05 12:07:05,508] - Gate::~Gate(): 1096
 S_DBG root [0x00001d78] [2015-06-05 12:07:05,508] - onDestroy(66)
  INFO root [0x00001d78] [2015-06-05 12:07:05,509] - Spaces::destroySpace: 4.
 DEBUG root [0x00001d78] [2015-06-05 12:07:05,509] - Space::removeEntity: lose creator(56).
  INFO root [0x00001d78] [2015-06-05 12:07:05,510] - Spaces::destroySpace: 4.
  INFO root [0x00001d78] [2015-06-05 12:07:05,510] - Space::~Space(): 56
  INFO root [0x00001d78] [2015-06-05 12:07:05,510] - SpawnPoint::~SpawnPoint(): 66
  INFO root [0x00001d78] [2015-06-05 12:07:05,510] - Gate::~Gate(): 1083
 S_DBG root [0x00001d78] [2015-06-05 12:07:05,511] - onDestroy(79)
 S_DBG root [0x00001d78] [2015-06-05 12:07:05,512] - onDestroy(80)
 S_DBG root [0x00001d78] [2015-06-05 12:07:05,513] - onDestroy(81)
 S_DBG root [0x00001d78] [2015-06-05 12:07:05,513] - onDestroy(82)
 S_DBG root [0x00001d78] [2015-06-05 12:07:05,514] - onDestroy(83)
 S_DBG root [0x00001d78] [2015-06-05 12:07:05,514] - onDestroy(84)
 S_DBG root [0x00001d78] [2015-06-05 12:07:05,515] - onDestroy(85)
 S_DBG root [0x00001d78] [2015-06-05 12:07:05,516] - onDestroy(86)
 S_DBG root [0x00001d78] [2015-06-05 12:07:05,517] - onDestroy(87)
 S_DBG root [0x00001d78] [2015-06-05 12:07:05,517] - onDestroy(88)
 S_DBG root [0x00001d78] [2015-06-05 12:07:05,518] - onDestroy(89)
 S_DBG root [0x00001d78] [2015-06-05 12:07:05,520] - onDestroy(90)
 S_DBG root [0x00001d78] [2015-06-05 12:07:05,521] - onDestroy(91)
 S_DBG root [0x00001d78] [2015-06-05 12:07:05,523] - onDestroy(92)
 S_DBG root [0x00001d78] [2015-06-05 12:07:05,524] - onDestroy(93)
 S_DBG root [0x00001d78] [2015-06-05 12:07:05,525] - onDestroy(94)
 S_DBG root [0x00001d78] [2015-06-05 12:07:05,527] - onDestroy(95)
 S_DBG root [0x00001d78] [2015-06-05 12:07:05,528] - onDestroy(96)
 S_DBG root [0x00001d78] [2015-06-05 12:07:05,529] - onDestroy(97)
 S_DBG root [0x00001d78] [2015-06-05 12:07:05,530] - onDestroy(98)
 S_DBG root [0x00001d78] [2015-06-05 12:07:05,532] - onDestroy(99)
  INFO root [0x00002200] [2015-06-05 15:05:12,828] - -----------------------------------------------------------------------------------------


  INFO root [0x00002200] [2015-06-05 15:05:12,829] - Resmgr::initialize: KBE_ROOT=E:/kbengine/
  INFO root [0x00002200] [2015-06-05 15:05:12,829] - Resmgr::initialize: KBE_RES_PATH=E:/kbengine/kbe/res/;E:/kbengine/kbengine_demos_assets/;E:/kbengine/kbengine_demos_assets/scripts/;E:/kbengine/kbengine_demos_assets/res/
  INFO root [0x00002200] [2015-06-05 15:05:12,830] - Resmgr::initialize: KBE_BIN_PATH=E:/kbengine/kbe/bin/server/
  INFO root [0x00002200] [2015-06-05 15:05:12,836] - NetworkInterface::recreateListeningSocket(INTERNAL): bound to all interfaces with default route interface on 192.168.1.107 ( 192.168.1.107:13104 )
  INFO root [0x00002200] [2015-06-05 15:05:12,837] - NetworkInterface::recreateListeningSocket(INTERNAL): address 192.168.1.107:13104, SOMAXCONN=5.
  INFO root [0x00002200] [2015-06-05 15:05:12,837] - server-configs:
  INFO root [0x00002200] [2015-06-05 15:05:12,837] - 	gameUpdateHertz : 10
  INFO root [0x00002200] [2015-06-05 15:05:12,837] - 	defaultAoIRadius : 80
  INFO root [0x00002200] [2015-06-05 15:05:12,838] - 	defaultAoIHysteresisArea : 5
  INFO root [0x00002200] [2015-06-05 15:05:12,838] - 	entryScriptFile : kbengine
  INFO root [0x00002200] [2015-06-05 15:05:12,838] - 	internalAddr : 192.168.1.107:13104
  INFO root [0x00002200] [2015-06-05 15:05:12,838] - 	componentID : 8001
  INFO root [0x00002200] [2015-06-05 15:05:12,847] - ---- cellapp Version: 0.6.1. ScriptVersion: 0.1.0. Protocol: 8E4D667806C69CB2931D5BBF3CEB53D0. Config: Debug. Built: 10:37:58 Jun  3 2015. AppID: 8001. UID: 52554. PID: 6872 ----
  INFO root [0x00002200] [2015-06-05 15:05:12,872] - Server Administrator: Intel(R) Core(TM) i5-4440 CPU @ 3.10GHz with 4194303kB RAM
  INFO root [0x00002200] [2015-06-05 15:05:12,873] - ThreadPool::createThreadPool: creating  threadpool...
  INFO root [0x00002200] [2015-06-05 15:05:12,873] - ThreadPool::createThreadPool: successfully(2), newThreadCount=1, normalMaxThreadCount=2, maxThreadCount=8
 DEBUG root [0x00002200] [2015-06-05 15:05:13,005] - Script::install_py_dlls(): PyInit_pyexpat
 DEBUG root [0x00002200] [2015-06-05 15:05:13,006] - Script::install_py_dlls(): PyInit__socket
 DEBUG root [0x00002200] [2015-06-05 15:05:13,006] - Script::install_py_dlls(): PyInit__hashlib
 DEBUG root [0x00002200] [2015-06-05 15:05:13,010] - Script::install_py_dlls(): PyInit_select
 DEBUG root [0x00002200] [2015-06-05 15:05:13,011] - Script::install_py_dlls(): PyInit__ctypes
 DEBUG root [0x00002200] [2015-06-05 15:05:13,011] - Script::install_py_dlls(): PyInit__elementtree
 DEBUG root [0x00002200] [2015-06-05 15:05:13,118] - Script::install_py_dlls(): PyInit_unicodedata
  INFO root [0x00002200] [2015-06-05 15:05:13,246] - Script::install(): is successfully, Python=(3.4.2 (default, Jun  3 2015, 10:39:02) [MSC v.1800 32 bit (Intel)])!
  INFO root [0x00002200] [2015-06-05 15:05:13,247] - Script::install(): KBExtra is successfully!
 DEBUG root [0x00002200] [2015-06-05 15:05:14,015] - loaded script:Account(1).
 DEBUG root [0x00002200] [2015-06-05 15:05:14,094] - loaded script:Avatar(2).
 DEBUG root [0x00002200] [2015-06-05 15:05:14,097] - loaded script:Monster(3).
 DEBUG root [0x00002200] [2015-06-05 15:05:14,098] - loaded script:NPC(4).
 DEBUG root [0x00002200] [2015-06-05 15:05:14,099] - loaded script:Gate(5).
 DEBUG root [0x00002200] [2015-06-05 15:05:14,101] - loaded script:Space(7).
 DEBUG root [0x00002200] [2015-06-05 15:05:14,102] - loaded script:SpaceDuplicate(8).
 DEBUG root [0x00002200] [2015-06-05 15:05:14,103] - loaded script:SpawnPoint(9).
  INFO root [0x00002200] [2015-06-05 15:05:14,104] - TelnetServer server is running on port 50000
  INFO root [0x00002200] [2015-06-05 15:05:15,000] - ---- cellapp is running ----
 DEBUG root [0x00002200] [2015-06-05 15:05:15,000] - Components::process(): Request for the process of identity...
  WARN root [0x00002200] [2015-06-05 15:05:21,015] - EntityApp::checkTickPeriod: tick took 6014% (6.01 seconds)!
  INFO root [0x00002200] [2015-06-05 15:05:22,101] - Components::findInterfaces: find logger(1)...
  INFO root [0x00002200] [2015-06-05 15:05:22,198] - Components::findInterfaces: found logger, addr:192.168.1.107:13100
  INFO root [0x00002200] [2015-06-05 15:05:22,198] - Components::addComponent[logger], uid=52554, componentID=2000, globalorderid=1, grouporderid=1, totalcount=1
  INFO root [0x00002200] [2015-06-05 15:05:22,199] - Components::findInterfaces: find dbmgr(2)...
  INFO root [0x00002200] [2015-06-05 15:05:22,216] - Components::findInterfaces: found logger, addr:192.168.1.107:13100
  INFO root [0x00002200] [2015-06-05 15:05:22,333] - Components::findInterfaces: found dbmgr, addr:192.168.1.107:13102
  INFO root [0x00002200] [2015-06-05 15:05:22,333] - Components::addComponent[dbmgr], uid=52554, componentID=4000, globalorderid=8, grouporderid=1, totalcount=1
  INFO root [0x00002200] [2015-06-05 15:05:22,349] - Components::findInterfaces: found dbmgr, addr:192.168.1.107:13102
  WARN root [0x00002200] [2015-06-05 15:05:23,350] - EntityApp::checkTickPeriod: tick took 1349% (1.35 seconds)!
  WARN root [0x00002200] [2015-06-05 15:05:23,351] - Forwarding logs to logger[192.168.1.107:13100/0/0/0]...
 ERROR root [0x00002200] [2015-06-05 15:07:59,502] - Components::removeComponentFromChannel: logger : 2000, Abnormal exit.
 ERROR root [0x00002200] [2015-06-05 15:07:59,510] - Components::removeComponentFromChannel: dbmgr : 4000, Abnormal exit.
  INFO root [0x00002200] [2015-06-05 15:07:59,514] - Shutdowner::onShutdownBegin: shutting down(period=0, tickPeriod=1)
  INFO root [0x00002200] [2015-06-05 15:07:59,514] - Shutdowner::onShutdown: shutting down
 S_DBG root [0x00002200] [2015-06-05 15:07:59,515] - onDestroy(3)
  INFO root [0x00002200] [2015-06-05 15:07:59,515] - SpawnPoint::~SpawnPoint(): 3
 S_DBG root [0x00002200] [2015-06-05 15:07:59,516] - onDestroy(4)
  INFO root [0x00002200] [2015-06-05 15:07:59,516] - SpawnPoint::~SpawnPoint(): 4
 S_DBG root [0x00002200] [2015-06-05 15:07:59,517] - onDestroy(5)
  INFO root [0x00002200] [2015-06-05 15:07:59,517] - SpawnPoint::~SpawnPoint(): 5
 S_DBG root [0x00002200] [2015-06-05 15:07:59,518] - onDestroy(6)
  INFO root [0x00002200] [2015-06-05 15:07:59,519] - SpawnPoint::~SpawnPoint(): 6
  INFO root [0x00002200] [2015-06-05 15:07:59,520] - Monster::~Monster(): 1043
  INFO root [0x00002200] [2015-06-05 15:07:59,522] - Monster::~Monster(): 1171
 S_DBG root [0x00002200] [2015-06-05 15:07:59,522] - onDestroy(7)
  INFO root [0x00002200] [2015-06-05 15:07:59,524] - SpawnPoint::~SpawnPoint(): 7
 S_DBG root [0x00002200] [2015-06-05 15:07:59,524] - onDestroy(8)
  INFO root [0x00002200] [2015-06-05 15:07:59,525] - SpawnPoint::~SpawnPoint(): 8
 S_DBG root [0x00002200] [2015-06-05 15:07:59,526] - onDestroy(9)
  INFO root [0x00002200] [2015-06-05 15:07:59,526] - SpawnPoint::~SpawnPoint(): 9
 S_DBG root [0x00002200] [2015-06-05 15:07:59,527] - onDestroy(11)
  INFO root [0x00002200] [2015-06-05 15:07:59,527] - SpawnPoint::~SpawnPoint(): 11
 S_DBG root [0x00002200] [2015-06-05 15:07:59,528] - onDestroy(12)
  INFO root [0x00002200] [2015-06-05 15:07:59,528] - SpawnPoint::~SpawnPoint(): 12
 S_DBG root [0x00002200] [2015-06-05 15:07:59,529] - onDestroy(13)
  INFO root [0x00002200] [2015-06-05 15:07:59,529] - SpawnPoint::~SpawnPoint(): 13
 S_DBG root [0x00002200] [2015-06-05 15:07:59,530] - onDestroy(29)
  INFO root [0x00002200] [2015-06-05 15:07:59,530] - SpawnPoint::~SpawnPoint(): 29
  INFO root [0x00002200] [2015-06-05 15:07:59,531] - NPC::~NPC(): 1025
 S_DBG root [0x00002200] [2015-06-05 15:07:59,531] - onDestroy(14)
  INFO root [0x00002200] [2015-06-05 15:07:59,532] - SpawnPoint::~SpawnPoint(): 14
  INFO root [0x00002200] [2015-06-05 15:07:59,532] - Shutdowner::onShutdownEnd: shutting down
 S_DBG root [0x00002200] [2015-06-05 15:07:59,537] - onDestroy(70)
 S_DBG root [0x00002200] [2015-06-05 15:07:59,538] - onDestroy(68)
 S_DBG root [0x00002200] [2015-06-05 15:07:59,540] - onDestroy(16)
 S_DBG root [0x00002200] [2015-06-05 15:07:59,541] - onDestroy(18)
 S_DBG root [0x00002200] [2015-06-05 15:07:59,542] - onDestroy(20)
 S_DBG root [0x00002200] [2015-06-05 15:07:59,543] - onDestroy(22)
 S_DBG root [0x00002200] [2015-06-05 15:07:59,544] - onDestroy(24)
 S_DBG root [0x00002200] [2015-06-05 15:07:59,545] - onDestroy(26)
 S_DBG root [0x00002200] [2015-06-05 15:07:59,548] - onDestroy(31)
 S_DBG root [0x00002200] [2015-06-05 15:07:59,549] - onDestroy(33)
 S_DBG root [0x00002200] [2015-06-05 15:07:59,549] - onDestroy(35)
 S_DBG root [0x00002200] [2015-06-05 15:07:59,550] - onDestroy(38)
 S_DBG root [0x00002200] [2015-06-05 15:07:59,551] - onDestroy(41)
 S_DBG root [0x00002200] [2015-06-05 15:07:59,552] - onDestroy(44)
 S_DBG root [0x00002200] [2015-06-05 15:07:59,553] - onDestroy(47)
 S_DBG root [0x00002200] [2015-06-05 15:07:59,554] - onDestroy(50)
 S_DBG root [0x00002200] [2015-06-05 15:07:59,556] - onDestroy(53)
 S_DBG root [0x00002200] [2015-06-05 15:07:59,556] - onDestroy(59)
 S_DBG root [0x00002200] [2015-06-05 15:07:59,557] - onDestroy(61)
 S_DBG root [0x00002200] [2015-06-05 15:07:59,558] - onDestroy(63)
 S_DBG root [0x00002200] [2015-06-05 15:07:59,559] - onDestroy(65)
  INFO root [0x00002200] [2015-06-05 15:07:59,559] - Spaces::destroySpace: 1.
 DEBUG root [0x00002200] [2015-06-05 15:07:59,560] - Space::removeEntity: lose creator(2).
  INFO root [0x00002200] [2015-06-05 15:07:59,560] - Spaces::destroySpace: 1.
  INFO root [0x00002200] [2015-06-05 15:07:59,560] - Space::~Space(): 2
  INFO root [0x00002200] [2015-06-05 15:07:59,560] - Monster::~Monster(): 1089
  INFO root [0x00002200] [2015-06-05 15:07:59,561] - Monster::~Monster(): 1087
  INFO root [0x00002200] [2015-06-05 15:07:59,561] - Monster::~Monster(): 1083
  INFO root [0x00002200] [2015-06-05 15:07:59,561] - Monster::~Monster(): 1082
  INFO root [0x00002200] [2015-06-05 15:07:59,562] - Monster::~Monster(): 1077
  INFO root [0x00002200] [2015-06-05 15:07:59,562] - Monster::~Monster(): 1073
  INFO root [0x00002200] [2015-06-05 15:07:59,562] - Monster::~Monster(): 1071
  INFO root [0x00002200] [2015-06-05 15:07:59,563] - Monster::~Monster(): 1067
  INFO root [0x00002200] [2015-06-05 15:07:59,564] - Monster::~Monster(): 1065
  INFO root [0x00002200] [2015-06-05 15:07:59,564] - SpawnPoint::~SpawnPoint(): 70
  INFO root [0x00002200] [2015-06-05 15:07:59,565] - SpawnPoint::~SpawnPoint(): 68
  INFO root [0x00002200] [2015-06-05 15:07:59,566] - Monster::~Monster(): 1059
  INFO root [0x00002200] [2015-06-05 15:07:59,566] - Monster::~Monster(): 1026
  INFO root [0x00002200] [2015-06-05 15:07:59,566] - SpawnPoint::~SpawnPoint(): 16
  INFO root [0x00002200] [2015-06-05 15:07:59,567] - Monster::~Monster(): 1027
  INFO root [0x00002200] [2015-06-05 15:07:59,567] - SpawnPoint::~SpawnPoint(): 18
  INFO root [0x00002200] [2015-06-05 15:07:59,567] - Monster::~Monster(): 1028
  INFO root [0x00002200] [2015-06-05 15:07:59,568] - SpawnPoint::~SpawnPoint(): 20
  INFO root [0x00002200] [2015-06-05 15:07:59,568] - Monster::~Monster(): 1029
  INFO root [0x00002200] [2015-06-05 15:07:59,568] - SpawnPoint::~SpawnPoint(): 22
  INFO root [0x00002200] [2015-06-05 15:07:59,569] - Monster::~Monster(): 1030
  INFO root [0x00002200] [2015-06-05 15:07:59,569] - SpawnPoint::~SpawnPoint(): 24
  INFO root [0x00002200] [2015-06-05 15:07:59,570] - Monster::~Monster(): 1031
  INFO root [0x00002200] [2015-06-05 15:07:59,570] - SpawnPoint::~SpawnPoint(): 26
  INFO root [0x00002200] [2015-06-05 15:07:59,571] - Monster::~Monster(): 1032
  INFO root [0x00002200] [2015-06-05 15:07:59,571] - Monster::~Monster(): 1063
  INFO root [0x00002200] [2015-06-05 15:07:59,572] - Monster::~Monster(): 1033
  INFO root [0x00002200] [2015-06-05 15:07:59,572] - SpawnPoint::~SpawnPoint(): 31
  INFO root [0x00002200] [2015-06-05 15:07:59,572] - Monster::~Monster(): 1034
  INFO root [0x00002200] [2015-06-05 15:07:59,573] - SpawnPoint::~SpawnPoint(): 33
  INFO root [0x00002200] [2015-06-05 15:07:59,573] - Monster::~Monster(): 1036
  INFO root [0x00002200] [2015-06-05 15:07:59,573] - SpawnPoint::~SpawnPoint(): 35
  INFO root [0x00002200] [2015-06-05 15:07:59,573] - Monster::~Monster(): 1037
  INFO root [0x00002200] [2015-06-05 15:07:59,574] - SpawnPoint::~SpawnPoint(): 38
  INFO root [0x00002200] [2015-06-05 15:07:59,574] - Monster::~Monster(): 1039
  INFO root [0x00002200] [2015-06-05 15:07:59,574] - SpawnPoint::~SpawnPoint(): 41
  INFO root [0x00002200] [2015-06-05 15:07:59,575] - Monster::~Monster(): 1042
  INFO root [0x00002200] [2015-06-05 15:07:59,575] - SpawnPoint::~SpawnPoint(): 44
  INFO root [0x00002200] [2015-06-05 15:07:59,575] - Monster::~Monster(): 1079
  INFO root [0x00002200] [2015-06-05 15:07:59,576] - SpawnPoint::~SpawnPoint(): 47
  INFO root [0x00002200] [2015-06-05 15:07:59,576] - Monster::~Monster(): 1046
  INFO root [0x00002200] [2015-06-05 15:07:59,576] - SpawnPoint::~SpawnPoint(): 50
  INFO root [0x00002200] [2015-06-05 15:07:59,577] - Monster::~Monster(): 1048
  INFO root [0x00002200] [2015-06-05 15:07:59,577] - SpawnPoint::~SpawnPoint(): 53
  INFO root [0x00002200] [2015-06-05 15:07:59,577] - Monster::~Monster(): 1050
  INFO root [0x00002200] [2015-06-05 15:07:59,578] - SpawnPoint::~SpawnPoint(): 59
  INFO root [0x00002200] [2015-06-05 15:07:59,578] - Monster::~Monster(): 1052
  INFO root [0x00002200] [2015-06-05 15:07:59,578] - SpawnPoint::~SpawnPoint(): 61
  INFO root [0x00002200] [2015-06-05 15:07:59,579] - Monster::~Monster(): 1054
  INFO root [0x00002200] [2015-06-05 15:07:59,579] - SpawnPoint::~SpawnPoint(): 63
  INFO root [0x00002200] [2015-06-05 15:07:59,579] - Monster::~Monster(): 1056
  INFO root [0x00002200] [2015-06-05 15:07:59,579] - SpawnPoint::~SpawnPoint(): 65
 S_DBG root [0x00002200] [2015-06-05 15:07:59,581] - onDestroy(15)
 S_DBG root [0x00002200] [2015-06-05 15:07:59,581] - onDestroy(17)
 S_DBG root [0x00002200] [2015-06-05 15:07:59,584] - onDestroy(19)
 S_DBG root [0x00002200] [2015-06-05 15:07:59,585] - onDestroy(21)
 S_DBG root [0x00002200] [2015-06-05 15:07:59,586] - onDestroy(23)
 S_DBG root [0x00002200] [2015-06-05 15:07:59,587] - onDestroy(25)
 S_DBG root [0x00002200] [2015-06-05 15:07:59,589] - onDestroy(27)
 S_DBG root [0x00002200] [2015-06-05 15:07:59,589] - onDestroy(30)
 S_DBG root [0x00002200] [2015-06-05 15:07:59,590] - onDestroy(32)
 S_DBG root [0x00002200] [2015-06-05 15:07:59,591] - onDestroy(34)
 S_DBG root [0x00002200] [2015-06-05 15:07:59,591] - onDestroy(36)
 S_DBG root [0x00002200] [2015-06-05 15:07:59,592] - onDestroy(39)
 S_DBG root [0x00002200] [2015-06-05 15:07:59,593] - onDestroy(42)
 S_DBG root [0x00002200] [2015-06-05 15:07:59,594] - onDestroy(45)
 S_DBG root [0x00002200] [2015-06-05 15:07:59,595] - onDestroy(48)
 S_DBG root [0x00002200] [2015-06-05 15:07:59,598] - onDestroy(51)
 S_DBG root [0x00002200] [2015-06-05 15:07:59,598] - onDestroy(54)
 S_DBG root [0x00002200] [2015-06-05 15:07:59,599] - onDestroy(57)
  INFO root [0x00002200] [2015-06-05 15:07:59,605] - Spaces::destroySpace: 2.
 DEBUG root [0x00002200] [2015-06-05 15:07:59,606] - Space::removeEntity: lose creator(10).
  INFO root [0x00002200] [2015-06-05 15:07:59,606] - Spaces::destroySpace: 2.
  INFO root [0x00002200] [2015-06-05 15:07:59,606] - Space::~Space(): 10
  INFO root [0x00002200] [2015-06-05 15:07:59,606] - SpawnPoint::~SpawnPoint(): 15
  INFO root [0x00002200] [2015-06-05 15:07:59,607] - SpawnPoint::~SpawnPoint(): 17
  INFO root [0x00002200] [2015-06-05 15:07:59,607] - SpawnPoint::~SpawnPoint(): 19
  INFO root [0x00002200] [2015-06-05 15:07:59,607] - SpawnPoint::~SpawnPoint(): 21
  INFO root [0x00002200] [2015-06-05 15:07:59,607] - SpawnPoint::~SpawnPoint(): 23
  INFO root [0x00002200] [2015-06-05 15:07:59,608] - SpawnPoint::~SpawnPoint(): 25
  INFO root [0x00002200] [2015-06-05 15:07:59,608] - SpawnPoint::~SpawnPoint(): 27
  INFO root [0x00002200] [2015-06-05 15:07:59,608] - SpawnPoint::~SpawnPoint(): 30
  INFO root [0x00002200] [2015-06-05 15:07:59,609] - SpawnPoint::~SpawnPoint(): 32
  INFO root [0x00002200] [2015-06-05 15:07:59,609] - SpawnPoint::~SpawnPoint(): 34
  INFO root [0x00002200] [2015-06-05 15:07:59,609] - NPC::~NPC(): 1035
  INFO root [0x00002200] [2015-06-05 15:07:59,609] - SpawnPoint::~SpawnPoint(): 36
  INFO root [0x00002200] [2015-06-05 15:07:59,610] - NPC::~NPC(): 1038
  INFO root [0x00002200] [2015-06-05 15:07:59,610] - SpawnPoint::~SpawnPoint(): 39
  INFO root [0x00002200] [2015-06-05 15:07:59,611] - Monster::~Monster(): 1040
  INFO root [0x00002200] [2015-06-05 15:07:59,611] - SpawnPoint::~SpawnPoint(): 42
  INFO root [0x00002200] [2015-06-05 15:07:59,611] - Monster::~Monster(): 1041
  INFO root [0x00002200] [2015-06-05 15:07:59,611] - SpawnPoint::~SpawnPoint(): 45
  INFO root [0x00002200] [2015-06-05 15:07:59,612] - Monster::~Monster(): 1044
  INFO root [0x00002200] [2015-06-05 15:07:59,612] - SpawnPoint::~SpawnPoint(): 48
  INFO root [0x00002200] [2015-06-05 15:07:59,612] - Monster::~Monster(): 1045
  INFO root [0x00002200] [2015-06-05 15:07:59,613] - SpawnPoint::~SpawnPoint(): 51
  INFO root [0x00002200] [2015-06-05 15:07:59,613] - Monster::~Monster(): 1047
  INFO root [0x00002200] [2015-06-05 15:07:59,613] - SpawnPoint::~SpawnPoint(): 54
  INFO root [0x00002200] [2015-06-05 15:07:59,614] - Monster::~Monster(): 1049
  INFO root [0x00002200] [2015-06-05 15:07:59,614] - SpawnPoint::~SpawnPoint(): 57
  INFO root [0x00002200] [2015-06-05 15:07:59,615] - Monster::~Monster(): 1051
  INFO root [0x00002200] [2015-06-05 15:07:59,615] - Monster::~Monster(): 1053
  INFO root [0x00002200] [2015-06-05 15:07:59,615] - Monster::~Monster(): 1055
  INFO root [0x00002200] [2015-06-05 15:07:59,616] - Monster::~Monster(): 1058
  INFO root [0x00002200] [2015-06-05 15:07:59,616] - Monster::~Monster(): 1062
  INFO root [0x00002200] [2015-06-05 15:07:59,616] - Monster::~Monster(): 1066
  INFO root [0x00002200] [2015-06-05 15:07:59,617] - Monster::~Monster(): 1069
  INFO root [0x00002200] [2015-06-05 15:07:59,617] - Monster::~Monster(): 1070
  INFO root [0x00002200] [2015-06-05 15:07:59,617] - Monster::~Monster(): 1075
  INFO root [0x00002200] [2015-06-05 15:07:59,618] - Monster::~Monster(): 1078
 S_DBG root [0x00002200] [2015-06-05 15:07:59,618] - onDestroy(37)
 S_DBG root [0x00002200] [2015-06-05 15:07:59,619] - onDestroy(40)
 S_DBG root [0x00002200] [2015-06-05 15:07:59,620] - onDestroy(43)
 S_DBG root [0x00002200] [2015-06-05 15:07:59,620] - onDestroy(46)
 S_DBG root [0x00002200] [2015-06-05 15:07:59,621] - onDestroy(49)
 S_DBG root [0x00002200] [2015-06-05 15:07:59,621] - onDestroy(52)
 S_DBG root [0x00002200] [2015-06-05 15:07:59,622] - onDestroy(55)
 S_DBG root [0x00002200] [2015-06-05 15:07:59,623] - onDestroy(58)
 S_DBG root [0x00002200] [2015-06-05 15:07:59,626] - onDestroy(60)
 S_DBG root [0x00002200] [2015-06-05 15:07:59,627] - onDestroy(62)
 S_DBG root [0x00002200] [2015-06-05 15:07:59,628] - onDestroy(64)
 S_DBG root [0x00002200] [2015-06-05 15:07:59,629] - onDestroy(67)
 S_DBG root [0x00002200] [2015-06-05 15:07:59,629] - onDestroy(69)
 S_DBG root [0x00002200] [2015-06-05 15:07:59,630] - onDestroy(71)
 S_DBG root [0x00002200] [2015-06-05 15:07:59,631] - onDestroy(72)
 S_DBG root [0x00002200] [2015-06-05 15:07:59,632] - onDestroy(73)
 S_DBG root [0x00002200] [2015-06-05 15:07:59,633] - onDestroy(74)
 S_DBG root [0x00002200] [2015-06-05 15:07:59,633] - onDestroy(75)
 S_DBG root [0x00002200] [2015-06-05 15:07:59,634] - onDestroy(76)
 S_DBG root [0x00002200] [2015-06-05 15:07:59,636] - onDestroy(77)
  INFO root [0x00002200] [2015-06-05 15:07:59,637] - Spaces::destroySpace: 3.
 DEBUG root [0x00002200] [2015-06-05 15:07:59,638] - Space::removeEntity: lose creator(28).
  INFO root [0x00002200] [2015-06-05 15:07:59,638] - Spaces::destroySpace: 3.
  INFO root [0x00002200] [2015-06-05 15:07:59,638] - Space::~Space(): 28
  INFO root [0x00002200] [2015-06-05 15:07:59,639] - SpawnPoint::~SpawnPoint(): 37
  INFO root [0x00002200] [2015-06-05 15:07:59,639] - SpawnPoint::~SpawnPoint(): 40
  INFO root [0x00002200] [2015-06-05 15:07:59,639] - SpawnPoint::~SpawnPoint(): 43
  INFO root [0x00002200] [2015-06-05 15:07:59,640] - SpawnPoint::~SpawnPoint(): 46
  INFO root [0x00002200] [2015-06-05 15:07:59,640] - SpawnPoint::~SpawnPoint(): 49
  INFO root [0x00002200] [2015-06-05 15:07:59,640] - SpawnPoint::~SpawnPoint(): 52
  INFO root [0x00002200] [2015-06-05 15:07:59,641] - SpawnPoint::~SpawnPoint(): 55
  INFO root [0x00002200] [2015-06-05 15:07:59,641] - SpawnPoint::~SpawnPoint(): 58
  INFO root [0x00002200] [2015-06-05 15:07:59,641] - SpawnPoint::~SpawnPoint(): 60
  INFO root [0x00002200] [2015-06-05 15:07:59,642] - SpawnPoint::~SpawnPoint(): 62
  INFO root [0x00002200] [2015-06-05 15:07:59,642] - NPC::~NPC(): 1057
  INFO root [0x00002200] [2015-06-05 15:07:59,642] - SpawnPoint::~SpawnPoint(): 64
  INFO root [0x00002200] [2015-06-05 15:07:59,642] - NPC::~NPC(): 1060
  INFO root [0x00002200] [2015-06-05 15:07:59,643] - SpawnPoint::~SpawnPoint(): 67
  INFO root [0x00002200] [2015-06-05 15:07:59,643] - Monster::~Monster(): 1061
  INFO root [0x00002200] [2015-06-05 15:07:59,643] - SpawnPoint::~SpawnPoint(): 69
  INFO root [0x00002200] [2015-06-05 15:07:59,644] - Monster::~Monster(): 1064
  INFO root [0x00002200] [2015-06-05 15:07:59,644] - SpawnPoint::~SpawnPoint(): 71
  INFO root [0x00002200] [2015-06-05 15:07:59,645] - Monster::~Monster(): 1068
  INFO root [0x00002200] [2015-06-05 15:07:59,645] - SpawnPoint::~SpawnPoint(): 72
  INFO root [0x00002200] [2015-06-05 15:07:59,646] - Monster::~Monster(): 1072
  INFO root [0x00002200] [2015-06-05 15:07:59,646] - SpawnPoint::~SpawnPoint(): 73
  INFO root [0x00002200] [2015-06-05 15:07:59,646] - Monster::~Monster(): 1074
  INFO root [0x00002200] [2015-06-05 15:07:59,647] - SpawnPoint::~SpawnPoint(): 74
  INFO root [0x00002200] [2015-06-05 15:07:59,647] - Monster::~Monster(): 1076
  INFO root [0x00002200] [2015-06-05 15:07:59,647] - SpawnPoint::~SpawnPoint(): 75
  INFO root [0x00002200] [2015-06-05 15:07:59,648] - Monster::~Monster(): 1080
  INFO root [0x00002200] [2015-06-05 15:07:59,648] - SpawnPoint::~SpawnPoint(): 76
  INFO root [0x00002200] [2015-06-05 15:07:59,648] - Monster::~Monster(): 1081
  INFO root [0x00002200] [2015-06-05 15:07:59,648] - SpawnPoint::~SpawnPoint(): 77
  INFO root [0x00002200] [2015-06-05 15:07:59,649] - Monster::~Monster(): 1085
  INFO root [0x00002200] [2015-06-05 15:07:59,649] - Monster::~Monster(): 1086
  INFO root [0x00002200] [2015-06-05 15:07:59,649] - Monster::~Monster(): 1088
  INFO root [0x00002200] [2015-06-05 15:07:59,650] - Monster::~Monster(): 1090
  INFO root [0x00002200] [2015-06-05 15:07:59,650] - Monster::~Monster(): 1091
  INFO root [0x00002200] [2015-06-05 15:07:59,651] - Monster::~Monster(): 1092
  INFO root [0x00002200] [2015-06-05 15:07:59,651] - Monster::~Monster(): 1093
  INFO root [0x00002200] [2015-06-05 15:07:59,651] - Monster::~Monster(): 1094
  INFO root [0x00002200] [2015-06-05 15:07:59,652] - Gate::~Gate(): 1095
  INFO root [0x00002200] [2015-06-05 15:07:59,652] - Gate::~Gate(): 1096
 S_DBG root [0x00002200] [2015-06-05 15:07:59,652] - onDestroy(66)
  INFO root [0x00002200] [2015-06-05 15:07:59,653] - Spaces::destroySpace: 4.
 DEBUG root [0x00002200] [2015-06-05 15:07:59,654] - Space::removeEntity: lose creator(56).
  INFO root [0x00002200] [2015-06-05 15:07:59,654] - Spaces::destroySpace: 4.
  INFO root [0x00002200] [2015-06-05 15:07:59,654] - Space::~Space(): 56
  INFO root [0x00002200] [2015-06-05 15:07:59,654] - SpawnPoint::~SpawnPoint(): 66
  INFO root [0x00002200] [2015-06-05 15:07:59,655] - Gate::~Gate(): 1084
 S_DBG root [0x00002200] [2015-06-05 15:07:59,655] - onDestroy(79)
 S_DBG root [0x00002200] [2015-06-05 15:07:59,656] - onDestroy(80)
 S_DBG root [0x00002200] [2015-06-05 15:07:59,657] - onDestroy(81)
 S_DBG root [0x00002200] [2015-06-05 15:07:59,659] - onDestroy(82)
 S_DBG root [0x00002200] [2015-06-05 15:07:59,659] - onDestroy(83)
 S_DBG root [0x00002200] [2015-06-05 15:07:59,663] - onDestroy(84)
 S_DBG root [0x00002200] [2015-06-05 15:07:59,664] - onDestroy(85)
 S_DBG root [0x00002200] [2015-06-05 15:07:59,665] - onDestroy(86)
 S_DBG root [0x00002200] [2015-06-05 15:07:59,665] - onDestroy(87)
 S_DBG root [0x00002200] [2015-06-05 15:07:59,666] - onDestroy(88)
 S_DBG root [0x00002200] [2015-06-05 15:07:59,667] - onDestroy(89)
 S_DBG root [0x00002200] [2015-06-05 15:07:59,669] - onDestroy(90)
 S_DBG root [0x00002200] [2015-06-05 15:07:59,671] - onDestroy(91)
 S_DBG root [0x00002200] [2015-06-05 15:07:59,672] - onDestroy(92)
 S_DBG root [0x00002200] [2015-06-05 15:07:59,675] - onDestroy(93)
 S_DBG root [0x00002200] [2015-06-05 15:07:59,677] - onDestroy(94)
 S_DBG root [0x00002200] [2015-06-05 15:07:59,678] - onDestroy(95)
 S_DBG root [0x00002200] [2015-06-05 15:07:59,681] - onDestroy(96)
 S_DBG root [0x00002200] [2015-06-05 15:07:59,682] - onDestroy(97)
 ERROR root [0x00002200] [2015-06-05 15:07:59,685] - 192.168.1.107:13134: Exception occurred: REASON_CLIENT_DISCONNECTED
 S_DBG root [0x00002200] [2015-06-05 15:07:59,687] - onDestroy(98)
 S_DBG root [0x00002200] [2015-06-05 15:07:59,689] - onDestroy(99)
 S_DBG root [0x00002200] [2015-06-05 15:07:59,691] - onDestroy(100)
 S_DBG root [0x00002200] [2015-06-05 15:07:59,693] - onDestroy(101)
 S_DBG root [0x00002200] [2015-06-05 15:07:59,694] - onDestroy(102)
 S_DBG root [0x00002200] [2015-06-05 15:07:59,696] - onDestroy(103)
 S_DBG root [0x00002200] [2015-06-05 15:07:59,697] - onDestroy(104)
 S_DBG root [0x00002200] [2015-06-05 15:07:59,699] - onDestroy(105)
 S_DBG root [0x00002200] [2015-06-05 15:07:59,699] - onDestroy(106)
 S_DBG root [0x00002200] [2015-06-05 15:07:59,701] - onDestroy(107)
 S_DBG root [0x00002200] [2015-06-05 15:07:59,703] - onDestroy(108)
 S_DBG root [0x00002200] [2015-06-05 15:07:59,704] - onDestroy(109)
 S_DBG root [0x00002200] [2015-06-05 15:07:59,705] - onDestroy(110)
 S_DBG root [0x00002200] [2015-06-05 15:07:59,707] - onDestroy(111)
 S_DBG root [0x00002200] [2015-06-05 15:07:59,708] - onDestroy(112)
 S_DBG root [0x00002200] [2015-06-05 15:07:59,709] - onDestroy(113)
 S_DBG root [0x00002200] [2015-06-05 15:07:59,711] - onDestroy(114)
 S_DBG root [0x00002200] [2015-06-05 15:07:59,712] - onDestroy(115)
 S_DBG root [0x00002200] [2015-06-05 15:07:59,714] - onDestroy(116)
 S_DBG root [0x00002200] [2015-06-05 15:07:59,715] - onDestroy(117)
 S_DBG root [0x00002200] [2015-06-05 15:07:59,716] - onDestroy(118)
 S_DBG root [0x00002200] [2015-06-05 15:07:59,718] - onDestroy(119)
 S_DBG root [0x00002200] [2015-06-05 15:07:59,721] - onDestroy(120)
 S_DBG root [0x00002200] [2015-06-05 15:07:59,723] - onDestroy(121)
 S_DBG root [0x00002200] [2015-06-05 15:07:59,724] - onDestroy(122)
 S_DBG root [0x00002200] [2015-06-05 15:07:59,726] - onDestroy(123)
 S_DBG root [0x00002200] [2015-06-05 15:07:59,727] - onDestroy(124)
 S_DBG root [0x00002200] [2015-06-05 15:07:59,728] - onDestroy(125)
 S_DBG root [0x00002200] [2015-06-05 15:07:59,729] - onDestroy(126)
