  INFO root [0x00002f98] [2015-06-06 22:56:00,900] - -----------------------------------------------------------------------------------------


  INFO root [0x00002f98] [2015-06-06 22:56:00,902] - Resmgr::initialize: KBE_ROOT=D:/KBengine/kbengine/
  INFO root [0x00002f98] [2015-06-06 22:56:00,903] - Resmgr::initialize: KBE_RES_PATH=D:/KBengine/kbengine/kbe/res/;D:/KBengine/kbengine/kbengine_my_assets/;D:/KBengine/kbengine/kbengine_my_assets/scripts/;D:/KBengine/kbengine/kbengine_my_assets/res/
  INFO root [0x00002f98] [2015-06-06 22:56:00,903] - Resmgr::initialize: KBE_BIN_PATH=D:/KBengine/kbengine/kbe/bin/server/
  INFO root [0x00002f98] [2015-06-06 22:56:00,908] - NetworkInterface::recreateListeningSocket(INTERNAL): bound to all interfaces with default route interface on 192.168.1.34 ( 192.168.1.34:17659 )
  INFO root [0x00002f98] [2015-06-06 22:56:00,909] - NetworkInterface::recreateListeningSocket(INTERNAL): address 192.168.1.34:17659, SOMAXCONN=5.
  INFO root [0x00002f98] [2015-06-06 22:56:00,909] - server-configs:
  INFO root [0x00002f98] [2015-06-06 22:56:00,909] - 	gameUpdateHertz : 10
  INFO root [0x00002f98] [2015-06-06 22:56:00,910] - 	defaultAoIRadius : 80
  INFO root [0x00002f98] [2015-06-06 22:56:00,910] - 	defaultAoIHysteresisArea : 5
  INFO root [0x00002f98] [2015-06-06 22:56:00,910] - 	entryScriptFile : kbengine
  INFO root [0x00002f98] [2015-06-06 22:56:00,911] - 	internalAddr : 192.168.1.34:17659
  INFO root [0x00002f98] [2015-06-06 22:56:00,911] - 	componentID : 8001
  INFO root [0x00002f98] [2015-06-06 22:56:00,924] - ---- cellapp Version: 0.6.1. ScriptVersion: 0.1.0. Protocol: 8E4D667806C69CB2931D5BBF3CEB53D0. Config: Debug. Built: 17:32:28 May 30 2015. AppID: 8001. UID: 64149. PID: 10792 ----
  INFO root [0x00002f98] [2015-06-06 22:56:00,924] - Server admin:       Intel(R) Xeon(R) CPU E3-1230 V2 @ 3.30GHz with 4194303kB RAM
  INFO root [0x00002f98] [2015-06-06 22:56:00,925] - ThreadPool::createThreadPool: creating  threadpool...
  INFO root [0x00002f98] [2015-06-06 22:56:00,926] - ThreadPool::createThreadPool: successfully(2), newThreadCount=1, normalMaxThreadCount=2, maxThreadCount=8
 DEBUG root [0x00002f98] [2015-06-06 22:56:01,066] - Script::install_py_dlls(): PyInit_pyexpat
 DEBUG root [0x00002f98] [2015-06-06 22:56:01,066] - Script::install_py_dlls(): PyInit__socket
 DEBUG root [0x00002f98] [2015-06-06 22:56:01,066] - Script::install_py_dlls(): PyInit__hashlib
 DEBUG root [0x00002f98] [2015-06-06 22:56:01,066] - Script::install_py_dlls(): PyInit_select
 DEBUG root [0x00002f98] [2015-06-06 22:56:01,066] - Script::install_py_dlls(): PyInit__ctypes
 DEBUG root [0x00002f98] [2015-06-06 22:56:01,066] - Script::install_py_dlls(): PyInit__elementtree
 DEBUG root [0x00002f98] [2015-06-06 22:56:01,120] - Script::install_py_dlls(): PyInit_unicodedata
  INFO root [0x00002f98] [2015-06-06 22:56:01,162] - Script::install(): is successfully, Python=(3.4.2 (default, May 30 2015, 17:33:16) [MSC v.1800 32 bit (Intel)])!
  INFO root [0x00002f98] [2015-06-06 22:56:01,163] - Script::install(): KBExtra is successfully!
  INFO root [0x00002f98] [2015-06-06 22:56:01,175] - TelnetServer server is running on port 50000
  INFO root [0x00002f98] [2015-06-06 22:56:01,930] - ---- cellapp is running ----
 DEBUG root [0x00002f98] [2015-06-06 22:56:01,930] - Components::process(): Request for the process of identity...
  WARN root [0x00002f98] [2015-06-06 22:56:07,969] - EntityApp::checkTickPeriod: tick took 6038% (6.04 seconds)!
  INFO root [0x00002f98] [2015-06-06 22:56:09,018] - Components::findInterfaces: find logger(1)...
  INFO root [0x00002f98] [2015-06-06 22:56:09,065] - Components::findInterfaces: found logger, addr:192.168.1.34:17643
  INFO root [0x00002f98] [2015-06-06 22:56:09,065] - Components::addComponent[logger], uid=64149, componentID=2000, globalorderid=1, grouporderid=1, totalcount=1
  INFO root [0x00002f98] [2015-06-06 22:56:09,080] - Components::findInterfaces: find dbmgr(2)...
  INFO root [0x00002f98] [2015-06-06 22:56:09,080] - Components::findInterfaces: found logger, addr:192.168.1.34:17643
  INFO root [0x00002f98] [2015-06-06 22:56:09,205] - Components::findInterfaces: found dbmgr, addr:192.168.1.34:17646
  INFO root [0x00002f98] [2015-06-06 22:56:09,205] - Components::addComponent[dbmgr], uid=64149, componentID=4000, globalorderid=8, grouporderid=1, totalcount=1
  INFO root [0x00002f98] [2015-06-06 22:56:09,221] - Components::findInterfaces: found dbmgr, addr:192.168.1.34:17646
  WARN root [0x00002f98] [2015-06-06 22:56:10,235] - Forwarding logs to logger[192.168.1.34:17643/0/0/0]...
 ERROR root [0x00002f98] [2015-06-06 22:58:23,731] - Components::removeComponentFromChannel: logger : 2000, Abnormal exit.
  WARN root [0x00002f98] [2015-06-06 22:58:23,791] - TCPPacketReceiver::processPendingEvents: Throwing REASON_GENERAL_NETWORK - WSAECONNRESET
 ERROR root [0x00002f98] [2015-06-06 22:58:23,831] - Components::removeComponentFromChannel: dbmgr : 4000, Abnormal exit.
  INFO root [0x00002f98] [2015-06-06 22:58:23,833] - Shutdowner::onShutdownBegin: shutting down(period=0, tickPeriod=1)
  INFO root [0x00002f98] [2015-06-06 22:58:23,833] - Shutdowner::onShutdown: shutting down
  INFO root [0x00002f98] [2015-06-06 22:58:23,834] - Shutdowner::onShutdownEnd: shutting down
 DEBUG root [0x00002f98] [2015-06-06 22:58:23,858] - Script::uninstall_py_dlls(): PyInit_pyexpat
 DEBUG root [0x00002f98] [2015-06-06 22:58:23,858] - Script::uninstall_py_dlls(): PyInit__socket
 DEBUG root [0x00002f98] [2015-06-06 22:58:23,858] - Script::uninstall_py_dlls(): PyInit__hashlib
 DEBUG root [0x00002f98] [2015-06-06 22:58:23,858] - Script::uninstall_py_dlls(): PyInit_select
 DEBUG root [0x00002f98] [2015-06-06 22:58:23,859] - Script::uninstall_py_dlls(): PyInit__ctypes
 DEBUG root [0x00002f98] [2015-06-06 22:58:23,859] - Script::uninstall_py_dlls(): PyInit__elementtree
 DEBUG root [0x00002f98] [2015-06-06 22:58:23,859] - Script::uninstall_py_dlls(): PyInit_unicodedata
  INFO root [0x00002f98] [2015-06-06 22:58:23,868] - Script::uninstall(): is successfully!
 DEBUG root [0x00002f98] [2015-06-06 22:58:23,868] - ThreadPool::destroy(): starting size 2.
  INFO root [0x00002c60] [2015-06-06 23:20:24,520] - -----------------------------------------------------------------------------------------


  INFO root [0x00002c60] [2015-06-06 23:20:24,521] - Resmgr::initialize: KBE_ROOT=D:/KBengine/kbengine/
  INFO root [0x00002c60] [2015-06-06 23:20:24,522] - Resmgr::initialize: KBE_RES_PATH=D:/KBengine/kbengine/kbe/res/;D:/KBengine/kbengine/kbengine_my_assets/;D:/KBengine/kbengine/kbengine_my_assets/scripts/;D:/KBengine/kbengine/kbengine_my_assets/res/
  INFO root [0x00002c60] [2015-06-06 23:20:24,523] - Resmgr::initialize: KBE_BIN_PATH=D:/KBengine/kbengine/kbe/bin/server/
  INFO root [0x00002c60] [2015-06-06 23:20:24,528] - NetworkInterface::recreateListeningSocket(INTERNAL): bound to all interfaces with default route interface on 192.168.1.34 ( 192.168.1.34:18315 )
  INFO root [0x00002c60] [2015-06-06 23:20:24,529] - NetworkInterface::recreateListeningSocket(INTERNAL): address 192.168.1.34:18315, SOMAXCONN=5.
  INFO root [0x00002c60] [2015-06-06 23:20:24,529] - server-configs:
  INFO root [0x00002c60] [2015-06-06 23:20:24,530] - 	gameUpdateHertz : 10
  INFO root [0x00002c60] [2015-06-06 23:20:24,530] - 	defaultAoIRadius : 80
  INFO root [0x00002c60] [2015-06-06 23:20:24,530] - 	defaultAoIHysteresisArea : 5
  INFO root [0x00002c60] [2015-06-06 23:20:24,531] - 	entryScriptFile : kbengine
  INFO root [0x00002c60] [2015-06-06 23:20:24,531] - 	internalAddr : 192.168.1.34:18315
  INFO root [0x00002c60] [2015-06-06 23:20:24,531] - 	componentID : 8001
  INFO root [0x00002c60] [2015-06-06 23:20:24,545] - ---- cellapp Version: 0.6.1. ScriptVersion: 0.1.0. Protocol: 8E4D667806C69CB2931D5BBF3CEB53D0. Config: Debug. Built: 17:32:28 May 30 2015. AppID: 8001. UID: 64149. PID: 9260 ----
  INFO root [0x00002c60] [2015-06-06 23:20:24,546] - Server admin:       Intel(R) Xeon(R) CPU E3-1230 V2 @ 3.30GHz with 4194303kB RAM
  INFO root [0x00002c60] [2015-06-06 23:20:24,546] - ThreadPool::createThreadPool: creating  threadpool...
  INFO root [0x00002c60] [2015-06-06 23:20:24,547] - ThreadPool::createThreadPool: successfully(2), newThreadCount=1, normalMaxThreadCount=2, maxThreadCount=8
 DEBUG root [0x00002c60] [2015-06-06 23:20:24,693] - Script::install_py_dlls(): PyInit_pyexpat
 DEBUG root [0x00002c60] [2015-06-06 23:20:24,693] - Script::install_py_dlls(): PyInit__socket
 DEBUG root [0x00002c60] [2015-06-06 23:20:24,694] - Script::install_py_dlls(): PyInit__hashlib
 DEBUG root [0x00002c60] [2015-06-06 23:20:24,701] - Script::install_py_dlls(): PyInit_select
 DEBUG root [0x00002c60] [2015-06-06 23:20:24,701] - Script::install_py_dlls(): PyInit__ctypes
 DEBUG root [0x00002c60] [2015-06-06 23:20:24,702] - Script::install_py_dlls(): PyInit__elementtree
 DEBUG root [0x00002c60] [2015-06-06 23:20:24,752] - Script::install_py_dlls(): PyInit_unicodedata
  INFO root [0x00002c60] [2015-06-06 23:20:24,798] - Script::install(): is successfully, Python=(3.4.2 (default, May 30 2015, 17:33:16) [MSC v.1800 32 bit (Intel)])!
  INFO root [0x00002c60] [2015-06-06 23:20:24,798] - Script::install(): KBExtra is successfully!
  INFO root [0x00002c60] [2015-06-06 23:20:24,811] - TelnetServer server is running on port 50000
  INFO root [0x00002c60] [2015-06-06 23:20:25,757] - ---- cellapp is running ----
 DEBUG root [0x00002c60] [2015-06-06 23:20:25,758] - Components::process(): Request for the process of identity...
  WARN root [0x00002c60] [2015-06-06 23:20:31,807] - EntityApp::checkTickPeriod: tick took 6049% (6.05 seconds)!
  INFO root [0x00002c60] [2015-06-06 23:20:32,825] - Components::findInterfaces: find logger(1)...
  INFO root [0x00002c60] [2015-06-06 23:20:32,926] - Components::findInterfaces: found logger, addr:192.168.1.34:18309
  INFO root [0x00002c60] [2015-06-06 23:20:32,927] - Components::addComponent[logger], uid=64149, componentID=2000, globalorderid=1, grouporderid=1, totalcount=1
  INFO root [0x00002c60] [2015-06-06 23:20:32,952] - Components::findInterfaces: find dbmgr(2)...
  INFO root [0x00002c60] [2015-06-06 23:20:33,128] - Components::findInterfaces: found dbmgr, addr:192.168.1.34:18310
  INFO root [0x00002c60] [2015-06-06 23:20:33,128] - Components::addComponent[dbmgr], uid=64149, componentID=4000, globalorderid=8, grouporderid=1, totalcount=1
  INFO root [0x00002c60] [2015-06-06 23:20:33,158] - Components::findInterfaces: found dbmgr, addr:192.168.1.34:18310
  WARN root [0x00002c60] [2015-06-06 23:20:34,158] - Forwarding logs to logger[192.168.1.34:18309/0/0/0]...
 ERROR root [0x00002c60] [2015-06-06 23:42:16,170] - Components::removeComponentFromChannel: logger : 2000, Abnormal exit.
  WARN root [0x00002c60] [2015-06-06 23:42:16,248] - TCPPacketReceiver::processPendingEvents: Throwing REASON_GENERAL_NETWORK - WSAECONNRESET
 ERROR root [0x00002c60] [2015-06-06 23:42:16,270] - Components::removeComponentFromChannel: dbmgr : 4000, Abnormal exit.
  INFO root [0x00002c60] [2015-06-06 23:42:16,271] - Shutdowner::onShutdownBegin: shutting down(period=0, tickPeriod=1)
  INFO root [0x00002c60] [2015-06-06 23:42:16,271] - Shutdowner::onShutdown: shutting down
  INFO root [0x00002c60] [2015-06-06 23:42:16,271] - Shutdowner::onShutdownEnd: shutting down
 DEBUG root [0x00002c60] [2015-06-06 23:42:16,296] - Script::uninstall_py_dlls(): PyInit_pyexpat
 DEBUG root [0x00002c60] [2015-06-06 23:42:16,296] - Script::uninstall_py_dlls(): PyInit__socket
 DEBUG root [0x00002c60] [2015-06-06 23:42:16,297] - Script::uninstall_py_dlls(): PyInit__hashlib
 DEBUG root [0x00002c60] [2015-06-06 23:42:16,297] - Script::uninstall_py_dlls(): PyInit_select
 DEBUG root [0x00002c60] [2015-06-06 23:42:16,297] - Script::uninstall_py_dlls(): PyInit__ctypes
 DEBUG root [0x00002c60] [2015-06-06 23:42:16,297] - Script::uninstall_py_dlls(): PyInit__elementtree
 DEBUG root [0x00002c60] [2015-06-06 23:42:16,297] - Script::uninstall_py_dlls(): PyInit_unicodedata
  INFO root [0x00002c60] [2015-06-06 23:42:16,306] - Script::uninstall(): is successfully!
 DEBUG root [0x00002c60] [2015-06-06 23:42:16,307] - ThreadPool::destroy(): starting size 2.
  WARN root [0x00002c60] [2015-06-06 23:42:16,607] - ThreadPool::destroy(): waiting for thread(2)[0x1ae4930,0x1ae4998,], try=1
